2019-04-26 21:53:24,588 INFO 12066 [egg:logger] init all loggers with options: {"dir":"/Users/lp1/Downloads/Vue-shopping-master/egg/logs/server","encoding":"utf8","env":"local","level":"INFO","consoleLevel":"INFO","disableConsoleAfterReady":false,"outputJSON":false,"buffer":true,"appLogName":"server-web.log","coreLogName":"egg-web.log","agentLogName":"egg-agent.log","errorLogName":"common-error.log","coreLogger":{"consoleLevel":"WARN"},"allowDebugAtProd":false,"type":"application"}
2019-04-26 21:53:24,620 INFO 12066 [egg-multipart] stream mode enable
2019-04-26 21:53:24,844 INFO 12066 [egg-mongoose] connecting mongodb://127.0.0.1/shoppingMall
2019-04-26 21:53:25,038 INFO 12066 [egg-static] starting static serve /public/ -> /Users/lp1/Downloads/Vue-shopping-master/egg/app/public
2019-04-26 21:53:25,040 INFO 12066 [egg-security] use methodnoallow middleware
2019-04-26 21:53:25,040 INFO 12066 [egg-security] use noopen middleware
2019-04-26 21:53:25,041 INFO 12066 [egg-security] use nosniff middleware
2019-04-26 21:53:25,041 INFO 12066 [egg-security] use xssProtection middleware
2019-04-26 21:53:25,041 INFO 12066 [egg-security] use xframe middleware
2019-04-26 21:53:25,042 INFO 12066 [egg-security] use dta middleware
2019-04-26 21:53:25,042 INFO 12066 [egg-security] compose 6 middlewares into one security middleware
2019-04-26 21:53:25,054 INFO 12066 [egg:core] dump config after load, 4ms
2019-04-26 21:53:25,056 INFO 12066 [egg-mongoose] starting...
2019-04-26 21:53:25,103 INFO 12066 [egg-watcher:application] watcher start success
2019-04-26 21:53:25,106 INFO 12066 [egg-mongoose] mongodb://127.0.0.1/shoppingMall connected successfully
2019-04-26 21:53:25,113 INFO 12066 [egg-mongoose] instance[0] start successfully
2019-04-26 21:53:25,122 INFO 12066 [egg:core] dump config after ready, 7ms
2019-04-27 08:36:27,825 INFO 6732 [egg:logger] init all loggers with options: {"dir":"C:\\Users\\Administrator\\Desktop\\shop\\server\\logs\\server","encoding":"utf8","env":"local","level":"INFO","consoleLevel":"INFO","disableConsoleAfterReady":false,"outputJSON":false,"buffer":true,"appLogName":"server-web.log","coreLogName":"egg-web.log","agentLogName":"egg-agent.log","errorLogName":"common-error.log","coreLogger":{"consoleLevel":"WARN"},"allowDebugAtProd":false,"type":"application"}
2019-04-27 08:36:27,870 INFO 6732 [egg-multipart] stream mode enable
2019-04-27 08:36:28,159 INFO 6732 [egg-mongoose] connecting mongodb://127.0.0.1/shoppingMall
2019-04-27 08:36:28,444 INFO 6732 [egg-static] starting static serve /public/ -> C:\Users\Administrator\Desktop\shop\server\app\public
2019-04-27 08:36:28,447 INFO 6732 [egg-security] use methodnoallow middleware
2019-04-27 08:36:28,448 INFO 6732 [egg-security] use noopen middleware
2019-04-27 08:36:28,449 INFO 6732 [egg-security] use nosniff middleware
2019-04-27 08:36:28,449 INFO 6732 [egg-security] use xssProtection middleware
2019-04-27 08:36:28,451 INFO 6732 [egg-security] use xframe middleware
2019-04-27 08:36:28,452 INFO 6732 [egg-security] use dta middleware
2019-04-27 08:36:28,452 INFO 6732 [egg-security] compose 6 middlewares into one security middleware
2019-04-27 08:36:28,472 INFO 6732 [egg:core] dump config after load, 5ms
2019-04-27 08:36:28,475 INFO 6732 [egg-mongoose] starting...
2019-04-27 08:36:28,514 INFO 6732 [egg-mongoose] mongodb://127.0.0.1/shoppingMall connected successfully
2019-04-27 08:36:28,522 INFO 6732 [egg-mongoose] instance[0] start successfully
2019-04-27 08:36:28,524 INFO 6732 [egg-watcher:application] watcher start success
2019-04-27 08:36:28,531 INFO 6732 [egg:core] dump config after ready, 6ms
2019-04-27 10:25:49,253 INFO 3124 [egg:logger] init all loggers with options: {"dir":"C:\\Users\\Administrator\\Desktop\\shop\\server\\logs\\server","encoding":"utf8","env":"local","level":"INFO","consoleLevel":"INFO","disableConsoleAfterReady":false,"outputJSON":false,"buffer":true,"appLogName":"server-web.log","coreLogName":"egg-web.log","agentLogName":"egg-agent.log","errorLogName":"common-error.log","coreLogger":{"consoleLevel":"WARN"},"allowDebugAtProd":false,"type":"application"}
2019-04-27 10:25:49,290 INFO 3124 [egg-multipart] stream mode enable
2019-04-27 10:25:49,771 INFO 3124 [egg-mongoose] connecting mongodb://127.0.0.1/shoppingMall
2019-04-27 10:25:50,103 INFO 3124 [egg-static] starting static serve /public/ -> C:\Users\Administrator\Desktop\shop\server\app\public
2019-04-27 10:25:50,106 INFO 3124 [egg-security] use methodnoallow middleware
2019-04-27 10:25:50,106 INFO 3124 [egg-security] use noopen middleware
2019-04-27 10:25:50,107 INFO 3124 [egg-security] use nosniff middleware
2019-04-27 10:25:50,108 INFO 3124 [egg-security] use xssProtection middleware
2019-04-27 10:25:50,109 INFO 3124 [egg-security] use xframe middleware
2019-04-27 10:25:50,110 INFO 3124 [egg-security] use dta middleware
2019-04-27 10:25:50,110 INFO 3124 [egg-security] compose 6 middlewares into one security middleware
2019-04-27 10:25:50,132 INFO 3124 [egg:core] dump config after load, 8ms
2019-04-27 10:25:50,136 INFO 3124 [egg-mongoose] starting...
2019-04-27 10:25:50,176 INFO 3124 [egg-mongoose] mongodb://127.0.0.1/shoppingMall connected successfully
2019-04-27 10:25:50,183 INFO 3124 [egg-mongoose] instance[0] start successfully
2019-04-27 10:25:50,188 INFO 3124 [egg-watcher:application] watcher start success
2019-04-27 10:25:50,198 INFO 3124 [egg:core] dump config after ready, 8ms
2019-04-30 13:56:42,538 INFO 7004 [egg:logger] init all loggers with options: {"dir":"C:\\Users\\Administrator\\Desktop\\shop\\server\\logs\\server","encoding":"utf8","env":"local","level":"INFO","consoleLevel":"INFO","disableConsoleAfterReady":false,"outputJSON":false,"buffer":true,"appLogName":"server-web.log","coreLogName":"egg-web.log","agentLogName":"egg-agent.log","errorLogName":"common-error.log","coreLogger":{"consoleLevel":"WARN"},"allowDebugAtProd":false,"type":"application"}
2019-04-30 13:56:42,574 INFO 7004 [egg-multipart] stream mode enable
2019-04-30 13:56:42,879 INFO 7004 [egg-mongoose] connecting mongodb://127.0.0.1/shoppingMall
2019-04-30 13:56:43,116 INFO 7004 [egg-static] starting static serve /public/ -> C:\Users\Administrator\Desktop\shop\server\app\public
2019-04-30 13:56:43,119 INFO 7004 [egg-security] use methodnoallow middleware
2019-04-30 13:56:43,119 INFO 7004 [egg-security] use noopen middleware
2019-04-30 13:56:43,120 INFO 7004 [egg-security] use nosniff middleware
2019-04-30 13:56:43,121 INFO 7004 [egg-security] use xssProtection middleware
2019-04-30 13:56:43,121 INFO 7004 [egg-security] use xframe middleware
2019-04-30 13:56:43,121 INFO 7004 [egg-security] use dta middleware
2019-04-30 13:56:43,121 INFO 7004 [egg-security] compose 6 middlewares into one security middleware
2019-04-30 13:56:43,339 INFO 7004 [egg:core] dump config after load, 25ms
2019-04-30 13:56:43,347 INFO 7004 [egg-mongoose] starting...
2019-04-30 13:56:43,402 INFO 7004 [egg-watcher:application] watcher start success
2019-04-30 13:56:43,517 INFO 7004 [egg-mongoose] mongodb://127.0.0.1/shoppingMall connected successfully
2019-04-30 13:56:43,538 INFO 7004 [egg-mongoose] instance[0] start successfully
2019-04-30 13:56:43,555 INFO 7004 [egg:core] dump config after ready, 12ms
2019-04-30 14:03:27,941 INFO 1108 [egg:logger] init all loggers with options: {"dir":"C:\\Users\\Administrator\\Desktop\\shop\\server\\logs\\server","encoding":"utf8","env":"local","level":"INFO","consoleLevel":"INFO","disableConsoleAfterReady":false,"outputJSON":false,"buffer":true,"appLogName":"server-web.log","coreLogName":"egg-web.log","agentLogName":"egg-agent.log","errorLogName":"common-error.log","coreLogger":{"consoleLevel":"WARN"},"allowDebugAtProd":false,"type":"application"}
2019-04-30 14:03:27,982 INFO 1108 [egg-multipart] stream mode enable
2019-04-30 14:03:28,494 INFO 1108 [egg-mongoose] connecting mongodb://127.0.0.1/shoppingMall
2019-04-30 14:03:28,868 INFO 1108 [egg-static] starting static serve /public/ -> C:\Users\Administrator\Desktop\shop\server\app\public
2019-04-30 14:03:28,871 INFO 1108 [egg-security] use methodnoallow middleware
2019-04-30 14:03:28,872 INFO 1108 [egg-security] use noopen middleware
2019-04-30 14:03:28,873 INFO 1108 [egg-security] use nosniff middleware
2019-04-30 14:03:28,874 INFO 1108 [egg-security] use xssProtection middleware
2019-04-30 14:03:28,875 INFO 1108 [egg-security] use xframe middleware
2019-04-30 14:03:28,875 INFO 1108 [egg-security] use dta middleware
2019-04-30 14:03:28,875 INFO 1108 [egg-security] compose 6 middlewares into one security middleware
2019-04-30 14:03:28,898 INFO 1108 [egg:core] dump config after load, 5ms
2019-04-30 14:03:28,901 INFO 1108 [egg-mongoose] starting...
2019-04-30 14:03:28,938 INFO 1108 [egg-mongoose] mongodb://127.0.0.1/shoppingMall connected successfully
2019-04-30 14:03:28,945 INFO 1108 [egg-mongoose] instance[0] start successfully
2019-04-30 14:03:28,948 INFO 1108 [egg-watcher:application] watcher start success
2019-04-30 14:03:28,958 INFO 1108 [egg:core] dump config after ready, 7ms
2019-04-30 15:00:05,761 INFO 6380 [egg:logger] init all loggers with options: {"dir":"C:\\Users\\Administrator\\Desktop\\shop\\server\\logs\\server","encoding":"utf8","env":"local","level":"INFO","consoleLevel":"INFO","disableConsoleAfterReady":false,"outputJSON":false,"buffer":true,"appLogName":"server-web.log","coreLogName":"egg-web.log","agentLogName":"egg-agent.log","errorLogName":"common-error.log","coreLogger":{"consoleLevel":"WARN"},"allowDebugAtProd":false,"type":"application"}
2019-04-30 15:00:05,801 INFO 6380 [egg-multipart] stream mode enable
2019-04-30 15:00:06,250 INFO 6380 [egg-mongoose] connecting mongodb://127.0.0.1/shoppingMall
2019-04-30 15:00:06,600 INFO 6380 [egg-static] starting static serve /public/ -> C:\Users\Administrator\Desktop\shop\server\app\public
2019-04-30 15:00:06,603 INFO 6380 [egg-security] use methodnoallow middleware
2019-04-30 15:00:06,603 INFO 6380 [egg-security] use noopen middleware
2019-04-30 15:00:06,604 INFO 6380 [egg-security] use nosniff middleware
2019-04-30 15:00:06,605 INFO 6380 [egg-security] use xssProtection middleware
2019-04-30 15:00:06,605 INFO 6380 [egg-security] use xframe middleware
2019-04-30 15:00:06,606 INFO 6380 [egg-security] use dta middleware
2019-04-30 15:00:06,606 INFO 6380 [egg-security] compose 6 middlewares into one security middleware
2019-04-30 15:00:06,632 INFO 6380 [egg:core] dump config after load, 6ms
2019-04-30 15:00:06,635 INFO 6380 [egg-mongoose] starting...
2019-04-30 15:00:06,674 INFO 6380 [egg-mongoose] mongodb://127.0.0.1/shoppingMall connected successfully
2019-04-30 15:00:06,681 INFO 6380 [egg-mongoose] instance[0] start successfully
2019-04-30 15:00:06,686 INFO 6380 [egg-watcher:application] watcher start success
2019-04-30 15:00:06,693 INFO 6380 [egg:core] dump config after ready, 5ms
2019-04-30 15:01:10,396 INFO 6940 [egg:logger] init all loggers with options: {"dir":"C:\\Users\\Administrator\\Desktop\\shop\\server\\logs\\server","encoding":"utf8","env":"local","level":"INFO","consoleLevel":"INFO","disableConsoleAfterReady":false,"outputJSON":false,"buffer":true,"appLogName":"server-web.log","coreLogName":"egg-web.log","agentLogName":"egg-agent.log","errorLogName":"common-error.log","coreLogger":{"consoleLevel":"WARN"},"allowDebugAtProd":false,"type":"application"}
2019-04-30 15:01:10,434 INFO 6940 [egg-multipart] stream mode enable
2019-04-30 15:01:10,738 INFO 6940 [egg-mongoose] connecting mongodb://127.0.0.1/shoppingMall
2019-04-30 15:01:11,030 INFO 6940 [egg-static] starting static serve /public/ -> C:\Users\Administrator\Desktop\shop\server\app\public
2019-04-30 15:01:11,033 INFO 6940 [egg-security] use methodnoallow middleware
2019-04-30 15:01:11,034 INFO 6940 [egg-security] use noopen middleware
2019-04-30 15:01:11,035 INFO 6940 [egg-security] use nosniff middleware
2019-04-30 15:01:11,036 INFO 6940 [egg-security] use xssProtection middleware
2019-04-30 15:01:11,036 INFO 6940 [egg-security] use xframe middleware
2019-04-30 15:01:11,037 INFO 6940 [egg-security] use dta middleware
2019-04-30 15:01:11,037 INFO 6940 [egg-security] compose 6 middlewares into one security middleware
2019-04-30 15:01:11,070 INFO 6940 [egg:core] dump config after load, 8ms
2019-04-30 15:01:11,073 INFO 6940 [egg-mongoose] starting...
2019-04-30 15:01:11,119 INFO 6940 [egg-mongoose] mongodb://127.0.0.1/shoppingMall connected successfully
2019-04-30 15:01:11,127 INFO 6940 [egg-mongoose] instance[0] start successfully
2019-04-30 15:01:11,132 INFO 6940 [egg-watcher:application] watcher start success
2019-04-30 15:01:11,141 INFO 6940 [egg:core] dump config after ready, 7ms
2019-04-30 15:10:23,263 INFO 1588 [egg:logger] init all loggers with options: {"dir":"C:\\Users\\Administrator\\Desktop\\shop\\server\\logs\\server","encoding":"utf8","env":"local","level":"INFO","consoleLevel":"INFO","disableConsoleAfterReady":false,"outputJSON":false,"buffer":true,"appLogName":"server-web.log","coreLogName":"egg-web.log","agentLogName":"egg-agent.log","errorLogName":"common-error.log","coreLogger":{"consoleLevel":"WARN"},"allowDebugAtProd":false,"type":"application"}
2019-04-30 15:10:23,301 INFO 1588 [egg-multipart] stream mode enable
2019-04-30 15:10:23,661 INFO 1588 [egg-mongoose] connecting mongodb://127.0.0.1/shoppingMall
2019-04-30 15:10:23,886 INFO 1588 [egg-static] starting static serve /public/ -> C:\Users\Administrator\Desktop\shop\server\app\public
2019-04-30 15:10:23,888 INFO 1588 [egg-security] use methodnoallow middleware
2019-04-30 15:10:23,889 INFO 1588 [egg-security] use noopen middleware
2019-04-30 15:10:23,890 INFO 1588 [egg-security] use nosniff middleware
2019-04-30 15:10:23,890 INFO 1588 [egg-security] use xssProtection middleware
2019-04-30 15:10:23,891 INFO 1588 [egg-security] use xframe middleware
2019-04-30 15:10:23,891 INFO 1588 [egg-security] use dta middleware
2019-04-30 15:10:23,891 INFO 1588 [egg-security] compose 6 middlewares into one security middleware
2019-04-30 15:10:23,915 INFO 1588 [egg:core] dump config after load, 6ms
2019-04-30 15:10:23,918 INFO 1588 [egg-mongoose] starting...
2019-04-30 15:10:23,966 INFO 1588 [egg-mongoose] mongodb://127.0.0.1/shoppingMall connected successfully
2019-04-30 15:10:23,973 INFO 1588 [egg-mongoose] instance[0] start successfully
2019-04-30 15:10:23,975 INFO 1588 [egg-watcher:application] watcher start success
2019-04-30 15:10:23,985 INFO 1588 [egg:core] dump config after ready, 6ms
2019-04-30 16:00:34,873 INFO 2516 [egg:logger] init all loggers with options: {"dir":"C:\\Users\\Administrator\\Desktop\\shop\\server\\logs\\server","encoding":"utf8","env":"local","level":"INFO","consoleLevel":"INFO","disableConsoleAfterReady":false,"outputJSON":false,"buffer":true,"appLogName":"server-web.log","coreLogName":"egg-web.log","agentLogName":"egg-agent.log","errorLogName":"common-error.log","coreLogger":{"consoleLevel":"WARN"},"allowDebugAtProd":false,"type":"application"}
2019-04-30 16:00:34,907 INFO 2516 [egg-multipart] stream mode enable
2019-04-30 16:00:35,337 INFO 2516 [egg-mongoose] connecting mongodb://127.0.0.1/shoppingMall
2019-04-30 16:00:35,694 INFO 2516 [egg-static] starting static serve /public/ -> C:\Users\Administrator\Desktop\shop\server\app\public
2019-04-30 16:00:35,696 INFO 2516 [egg-security] use methodnoallow middleware
2019-04-30 16:00:35,697 INFO 2516 [egg-security] use noopen middleware
2019-04-30 16:00:35,698 INFO 2516 [egg-security] use nosniff middleware
2019-04-30 16:00:35,699 INFO 2516 [egg-security] use xssProtection middleware
2019-04-30 16:00:35,699 INFO 2516 [egg-security] use xframe middleware
2019-04-30 16:00:35,700 INFO 2516 [egg-security] use dta middleware
2019-04-30 16:00:35,700 INFO 2516 [egg-security] compose 6 middlewares into one security middleware
2019-04-30 16:00:35,724 INFO 2516 [egg:core] dump config after load, 6ms
2019-04-30 16:00:35,728 INFO 2516 [egg-mongoose] starting...
2019-04-30 16:00:35,778 INFO 2516 [egg-mongoose] mongodb://127.0.0.1/shoppingMall connected successfully
2019-04-30 16:00:35,785 INFO 2516 [egg-mongoose] instance[0] start successfully
2019-04-30 16:00:35,787 INFO 2516 [egg-watcher:application] watcher start success
2019-04-30 16:00:35,797 INFO 2516 [egg:core] dump config after ready, 7ms
2019-04-30 16:27:58,964 INFO 1652 [egg:logger] init all loggers with options: {"dir":"C:\\Users\\Administrator\\Desktop\\shop\\server\\logs\\server","encoding":"utf8","env":"local","level":"INFO","consoleLevel":"INFO","disableConsoleAfterReady":false,"outputJSON":false,"buffer":true,"appLogName":"server-web.log","coreLogName":"egg-web.log","agentLogName":"egg-agent.log","errorLogName":"common-error.log","coreLogger":{"consoleLevel":"WARN"},"allowDebugAtProd":false,"type":"application"}
2019-04-30 16:27:59,004 INFO 1652 [egg-multipart] stream mode enable
2019-04-30 16:27:59,447 INFO 1652 [egg-mongoose] connecting mongodb://127.0.0.1/shoppingMall
2019-04-30 16:27:59,766 INFO 1652 [egg-static] starting static serve /public/ -> C:\Users\Administrator\Desktop\shop\server\app\public
2019-04-30 16:27:59,768 INFO 1652 [egg-security] use methodnoallow middleware
2019-04-30 16:27:59,769 INFO 1652 [egg-security] use noopen middleware
2019-04-30 16:27:59,770 INFO 1652 [egg-security] use nosniff middleware
2019-04-30 16:27:59,770 INFO 1652 [egg-security] use xssProtection middleware
2019-04-30 16:27:59,771 INFO 1652 [egg-security] use xframe middleware
2019-04-30 16:27:59,771 INFO 1652 [egg-security] use dta middleware
2019-04-30 16:27:59,771 INFO 1652 [egg-security] compose 6 middlewares into one security middleware
2019-04-30 16:27:59,791 INFO 1652 [egg:core] dump config after load, 7ms
2019-04-30 16:27:59,795 INFO 1652 [egg-mongoose] starting...
2019-04-30 16:27:59,855 INFO 1652 [egg-mongoose] mongodb://127.0.0.1/shoppingMall connected successfully
2019-04-30 16:27:59,867 INFO 1652 [egg-mongoose] instance[0] start successfully
2019-04-30 16:27:59,872 INFO 1652 [egg-watcher:application] watcher start success
2019-04-30 16:27:59,891 INFO 1652 [egg:core] dump config after ready, 17ms
2019-05-08 11:13:01,282 INFO 7920 [egg:logger] init all loggers with options: {"dir":"C:\\Users\\Administrator\\Desktop\\shop\\server\\logs\\server","encoding":"utf8","env":"local","level":"INFO","consoleLevel":"INFO","disableConsoleAfterReady":false,"outputJSON":false,"buffer":true,"appLogName":"server-web.log","coreLogName":"egg-web.log","agentLogName":"egg-agent.log","errorLogName":"common-error.log","coreLogger":{"consoleLevel":"WARN"},"allowDebugAtProd":false,"type":"application"}
2019-05-08 11:13:01,317 INFO 7920 [egg-multipart] stream mode enable
2019-05-08 11:13:01,786 INFO 7920 [egg-mongoose] connecting mongodb://127.0.0.1/shoppingMall
2019-05-08 11:13:02,170 INFO 7920 [egg-static] starting static serve /public/ -> C:\Users\Administrator\Desktop\shop\server\app\public
2019-05-08 11:13:02,173 INFO 7920 [egg-security] use methodnoallow middleware
2019-05-08 11:13:02,174 INFO 7920 [egg-security] use noopen middleware
2019-05-08 11:13:02,175 INFO 7920 [egg-security] use nosniff middleware
2019-05-08 11:13:02,176 INFO 7920 [egg-security] use xssProtection middleware
2019-05-08 11:13:02,176 INFO 7920 [egg-security] use xframe middleware
2019-05-08 11:13:02,177 INFO 7920 [egg-security] use dta middleware
2019-05-08 11:13:02,177 INFO 7920 [egg-security] compose 6 middlewares into one security middleware
2019-05-08 11:13:02,203 INFO 7920 [egg:core] dump config after load, 7ms
2019-05-08 11:13:02,205 INFO 7920 [egg-mongoose] starting...
2019-05-08 11:13:02,244 INFO 7920 [egg-mongoose] mongodb://127.0.0.1/shoppingMall connected successfully
2019-05-08 11:13:02,251 INFO 7920 [egg-mongoose] instance[0] start successfully
2019-05-08 11:13:02,253 INFO 7920 [egg-watcher:application] watcher start success
2019-05-08 11:13:02,265 INFO 7920 [egg:core] dump config after ready, 9ms
2019-05-08 16:19:35,343 INFO 6608 [egg:logger] init all loggers with options: {"dir":"C:\\Users\\Administrator\\Desktop\\shop\\server\\logs\\server","encoding":"utf8","env":"local","level":"INFO","consoleLevel":"INFO","disableConsoleAfterReady":false,"outputJSON":false,"buffer":true,"appLogName":"server-web.log","coreLogName":"egg-web.log","agentLogName":"egg-agent.log","errorLogName":"common-error.log","coreLogger":{"consoleLevel":"WARN"},"allowDebugAtProd":false,"type":"application"}
2019-05-08 16:19:35,395 INFO 6608 [egg-multipart] stream mode enable
2019-05-08 16:19:36,206 INFO 6608 [egg-mongoose] connecting mongodb://127.0.0.1/shoppingMall
2019-05-08 16:19:36,761 INFO 6608 [egg-static] starting static serve /public/ -> C:\Users\Administrator\Desktop\shop\server\app\public
2019-05-08 16:19:36,765 INFO 6608 [egg-security] use methodnoallow middleware
2019-05-08 16:19:36,765 INFO 6608 [egg-security] use noopen middleware
2019-05-08 16:19:36,767 INFO 6608 [egg-security] use nosniff middleware
2019-05-08 16:19:36,767 INFO 6608 [egg-security] use xssProtection middleware
2019-05-08 16:19:36,768 INFO 6608 [egg-security] use xframe middleware
2019-05-08 16:19:36,769 INFO 6608 [egg-security] use dta middleware
2019-05-08 16:19:36,769 INFO 6608 [egg-security] compose 6 middlewares into one security middleware
2019-05-08 16:19:36,812 INFO 6608 [egg:core] dump config after load, 17ms
2019-05-08 16:19:36,816 INFO 6608 [egg-mongoose] starting...
2019-05-08 16:19:36,882 INFO 6608 [egg-mongoose] mongodb://127.0.0.1/shoppingMall connected successfully
2019-05-08 16:19:36,894 INFO 6608 [egg-mongoose] instance[0] start successfully
2019-05-08 16:19:36,897 INFO 6608 [egg-watcher:application] watcher start success
2019-05-08 16:19:36,916 INFO 6608 [egg:core] dump config after ready, 14ms
2019-05-10 08:53:01,754 INFO 3636 [egg:logger] init all loggers with options: {"dir":"C:\\Users\\Administrator\\Desktop\\shop\\server\\logs\\server","encoding":"utf8","env":"local","level":"INFO","consoleLevel":"INFO","disableConsoleAfterReady":false,"outputJSON":false,"buffer":true,"appLogName":"server-web.log","coreLogName":"egg-web.log","agentLogName":"egg-agent.log","errorLogName":"common-error.log","coreLogger":{"consoleLevel":"WARN"},"allowDebugAtProd":false,"type":"application"}
2019-05-10 08:53:01,791 INFO 3636 [egg-multipart] stream mode enable
2019-05-10 08:53:02,221 INFO 3636 [egg-mongoose] connecting mongodb://127.0.0.1/shoppingMall
2019-05-10 08:53:02,558 INFO 3636 [egg-static] starting static serve /public/ -> C:\Users\Administrator\Desktop\shop\server\app\public
2019-05-10 08:53:02,566 INFO 3636 [egg-security] use methodnoallow middleware
2019-05-10 08:53:02,567 INFO 3636 [egg-security] use noopen middleware
2019-05-10 08:53:02,568 INFO 3636 [egg-security] use nosniff middleware
2019-05-10 08:53:02,569 INFO 3636 [egg-security] use xssProtection middleware
2019-05-10 08:53:02,569 INFO 3636 [egg-security] use xframe middleware
2019-05-10 08:53:02,570 INFO 3636 [egg-security] use dta middleware
2019-05-10 08:53:02,570 INFO 3636 [egg-security] compose 6 middlewares into one security middleware
2019-05-10 08:53:02,592 INFO 3636 [egg:core] dump config after load, 5ms
2019-05-10 08:53:02,596 INFO 3636 [egg-mongoose] starting...
2019-05-10 08:53:02,634 INFO 3636 [egg-watcher:application] watcher start success
2019-05-10 08:53:02,638 INFO 3636 [egg-mongoose] mongodb://127.0.0.1/shoppingMall connected successfully
2019-05-10 08:53:02,645 INFO 3636 [egg-mongoose] instance[0] start successfully
2019-05-10 08:53:02,651 INFO 3636 [egg:core] dump config after ready, 5ms
2019-05-10 08:53:17,447 INFO 7048 [egg:logger] init all loggers with options: {"dir":"C:\\Users\\Administrator\\Desktop\\shop\\server\\logs\\server","encoding":"utf8","env":"local","level":"INFO","consoleLevel":"INFO","disableConsoleAfterReady":false,"outputJSON":false,"buffer":true,"appLogName":"server-web.log","coreLogName":"egg-web.log","agentLogName":"egg-agent.log","errorLogName":"common-error.log","coreLogger":{"consoleLevel":"WARN"},"allowDebugAtProd":false,"type":"application"}
2019-05-10 08:53:17,484 INFO 7048 [egg-multipart] stream mode enable
2019-05-10 08:53:17,774 INFO 7048 [egg-mongoose] connecting mongodb://127.0.0.1/shoppingMall
2019-05-10 08:53:18,005 INFO 7048 [egg-static] starting static serve /public/ -> C:\Users\Administrator\Desktop\shop\server\app\public
2019-05-10 08:53:18,008 INFO 7048 [egg-security] use methodnoallow middleware
2019-05-10 08:53:18,008 INFO 7048 [egg-security] use noopen middleware
2019-05-10 08:53:18,009 INFO 7048 [egg-security] use nosniff middleware
2019-05-10 08:53:18,009 INFO 7048 [egg-security] use xssProtection middleware
2019-05-10 08:53:18,010 INFO 7048 [egg-security] use xframe middleware
2019-05-10 08:53:18,010 INFO 7048 [egg-security] use dta middleware
2019-05-10 08:53:18,010 INFO 7048 [egg-security] compose 6 middlewares into one security middleware
2019-05-10 08:53:18,028 INFO 7048 [egg:core] dump config after load, 6ms
2019-05-10 08:53:18,030 INFO 7048 [egg-mongoose] starting...
2019-05-10 08:53:18,066 INFO 7048 [egg-mongoose] mongodb://127.0.0.1/shoppingMall connected successfully
2019-05-10 08:53:18,073 INFO 7048 [egg-mongoose] instance[0] start successfully
2019-05-10 08:53:18,075 INFO 7048 [egg-watcher:application] watcher start success
2019-05-10 08:53:18,087 INFO 7048 [egg:core] dump config after ready, 6ms
2019-07-01 09:48:43,781 INFO 404 [egg:logger] init all loggers with options: {"dir":"C:\\Users\\Administrator\\Desktop\\vue商城项目\\server\\logs\\server","encoding":"utf8","env":"local","level":"INFO","consoleLevel":"INFO","disableConsoleAfterReady":false,"outputJSON":false,"buffer":true,"appLogName":"server-web.log","coreLogName":"egg-web.log","agentLogName":"egg-agent.log","errorLogName":"common-error.log","coreLogger":{"consoleLevel":"WARN"},"allowDebugAtProd":false,"type":"application"}
2019-07-01 09:48:43,808 INFO 404 [egg-multipart] stream mode enable
2019-07-01 09:48:44,102 INFO 404 [egg-mongoose] connecting mongodb://127.0.0.1/shoppingMall
2019-07-01 09:48:44,329 INFO 404 [egg-static] starting static serve /public/ -> C:\Users\Administrator\Desktop\vue商城项目\server\app\public
2019-07-01 09:48:44,332 INFO 404 [egg-security] use methodnoallow middleware
2019-07-01 09:48:44,333 INFO 404 [egg-security] use noopen middleware
2019-07-01 09:48:44,333 INFO 404 [egg-security] use nosniff middleware
2019-07-01 09:48:44,334 INFO 404 [egg-security] use xssProtection middleware
2019-07-01 09:48:44,335 INFO 404 [egg-security] use xframe middleware
2019-07-01 09:48:44,335 INFO 404 [egg-security] use dta middleware
2019-07-01 09:48:44,335 INFO 404 [egg-security] compose 6 middlewares into one security middleware
2019-07-01 09:48:44,360 INFO 404 [egg:core] dump config after load, 9ms
2019-07-01 09:48:44,363 INFO 404 [egg-mongoose] starting...
2019-07-01 09:48:44,412 INFO 404 [egg-mongoose] mongodb://127.0.0.1/shoppingMall connected successfully
2019-07-01 09:48:44,420 INFO 404 [egg-mongoose] instance[0] start successfully
2019-07-01 09:48:44,423 INFO 404 [egg-watcher:application] watcher start success
2019-07-01 09:48:44,436 INFO 404 [egg:core] dump config after ready, 11ms
2019-07-03 14:42:37,659 INFO 9404 [egg:logger] init all loggers with options: {"dir":"C:\\Users\\Administrator\\Desktop\\vue商城项目\\server\\logs\\server","encoding":"utf8","env":"local","level":"INFO","consoleLevel":"INFO","disableConsoleAfterReady":false,"outputJSON":false,"buffer":true,"appLogName":"server-web.log","coreLogName":"egg-web.log","agentLogName":"egg-agent.log","errorLogName":"common-error.log","coreLogger":{"consoleLevel":"WARN"},"allowDebugAtProd":false,"type":"application"}
2019-07-03 14:42:37,688 INFO 9404 [egg-multipart] stream mode enable
2019-07-03 14:42:38,256 INFO 9404 [egg-mongoose] connecting mongodb://127.0.0.1/shoppingMall
2019-07-03 14:42:38,818 INFO 9404 [egg-static] starting static serve /public/ -> C:\Users\Administrator\Desktop\vue商城项目\server\app\public
2019-07-03 14:42:38,824 INFO 9404 [egg-security] use methodnoallow middleware
2019-07-03 14:42:38,826 INFO 9404 [egg-security] use noopen middleware
2019-07-03 14:42:38,827 INFO 9404 [egg-security] use nosniff middleware
2019-07-03 14:42:38,829 INFO 9404 [egg-security] use xssProtection middleware
2019-07-03 14:42:38,829 INFO 9404 [egg-security] use xframe middleware
2019-07-03 14:42:38,831 INFO 9404 [egg-security] use dta middleware
2019-07-03 14:42:38,831 INFO 9404 [egg-security] compose 6 middlewares into one security middleware
2019-07-03 14:42:38,873 INFO 9404 [egg:core] dump config after load, 11ms
2019-07-03 14:42:38,882 INFO 9404 [egg-mongoose] starting...
2019-07-03 14:42:38,939 INFO 9404 [egg-mongoose] mongodb://127.0.0.1/shoppingMall connected successfully
2019-07-03 14:42:38,946 INFO 9404 [egg-mongoose] instance[0] start successfully
2019-07-03 14:42:38,949 INFO 9404 [egg-watcher:application] watcher start success
2019-07-03 14:42:38,962 INFO 9404 [egg:core] dump config after ready, 8ms
2019-07-03 15:24:23,550 INFO 10252 [egg:logger] init all loggers with options: {"dir":"C:\\Users\\Administrator\\Desktop\\vue商城项目\\server\\logs\\server","encoding":"utf8","env":"local","level":"INFO","consoleLevel":"INFO","disableConsoleAfterReady":false,"outputJSON":false,"buffer":true,"appLogName":"server-web.log","coreLogName":"egg-web.log","agentLogName":"egg-agent.log","errorLogName":"common-error.log","coreLogger":{"consoleLevel":"WARN"},"allowDebugAtProd":false,"type":"application"}
2019-07-03 15:24:23,579 INFO 10252 [egg-multipart] stream mode enable
2019-07-03 15:24:24,217 INFO 10252 [egg-mongoose] connecting mongodb://127.0.0.1/shoppingMall
2019-07-03 15:24:24,649 INFO 10252 [egg-static] starting static serve /public/ -> C:\Users\Administrator\Desktop\vue商城项目\server\app\public
2019-07-03 15:24:24,652 INFO 10252 [egg-security] use methodnoallow middleware
2019-07-03 15:24:24,653 INFO 10252 [egg-security] use noopen middleware
2019-07-03 15:24:24,654 INFO 10252 [egg-security] use nosniff middleware
2019-07-03 15:24:24,655 INFO 10252 [egg-security] use xssProtection middleware
2019-07-03 15:24:24,656 INFO 10252 [egg-security] use xframe middleware
2019-07-03 15:24:24,656 INFO 10252 [egg-security] use dta middleware
2019-07-03 15:24:24,656 INFO 10252 [egg-security] compose 6 middlewares into one security middleware
2019-07-03 15:24:24,684 INFO 10252 [egg:core] dump config after load, 7ms
2019-07-03 15:24:24,687 INFO 10252 [egg-mongoose] starting...
2019-07-03 15:24:24,727 INFO 10252 [egg-mongoose] mongodb://127.0.0.1/shoppingMall connected successfully
2019-07-03 15:24:24,735 INFO 10252 [egg-mongoose] instance[0] start successfully
2019-07-03 15:24:24,737 INFO 10252 [egg-watcher:application] watcher start success
2019-07-03 15:24:24,748 INFO 10252 [egg:core] dump config after ready, 7ms
2019-11-04 09:22:15,325 INFO 1836 [egg:logger] init all loggers with options: {"dir":"C:\\Users\\Administrator.CDEDUASK_PC\\Desktop\\shopping\\server\\logs\\server","encoding":"utf8","env":"local","level":"INFO","consoleLevel":"INFO","disableConsoleAfterReady":false,"outputJSON":false,"buffer":true,"appLogName":"server-web.log","coreLogName":"egg-web.log","agentLogName":"egg-agent.log","errorLogName":"common-error.log","coreLogger":{"consoleLevel":"WARN"},"allowDebugAtProd":false,"type":"application"}
2019-11-04 09:22:15,375 INFO 1836 [egg-multipart] stream mode enable
2019-11-04 09:22:15,796 INFO 1836 [egg-mongoose] connecting mongodb://127.0.0.1/shoppingMall
2019-11-04 09:22:16,121 INFO 1836 [egg-static] starting static serve /public/ -> C:\Users\Administrator.CDEDUASK_PC\Desktop\shopping\server\app\public
2019-11-04 09:22:16,124 INFO 1836 [egg-security] use methodnoallow middleware
2019-11-04 09:22:16,125 INFO 1836 [egg-security] use noopen middleware
2019-11-04 09:22:16,127 INFO 1836 [egg-security] use nosniff middleware
2019-11-04 09:22:16,128 INFO 1836 [egg-security] use xssProtection middleware
2019-11-04 09:22:16,128 INFO 1836 [egg-security] use xframe middleware
2019-11-04 09:22:16,129 INFO 1836 [egg-security] use dta middleware
2019-11-04 09:22:16,129 INFO 1836 [egg-security] compose 6 middlewares into one security middleware
2019-11-04 09:22:16,152 INFO 1836 [egg:core] dump config after load, 6ms
2019-11-04 09:22:16,156 INFO 1836 [egg-mongoose] starting...
2019-11-04 09:22:16,228 INFO 1836 [egg-mongoose] mongodb://127.0.0.1/shoppingMall connected successfully
2019-11-04 09:22:16,245 INFO 1836 [egg-mongoose] instance[0] start successfully
2019-11-04 09:22:16,247 INFO 1836 [egg-watcher:application] watcher start success
2019-11-04 09:22:16,258 INFO 1836 [egg:core] dump config after ready, 7ms
2019-11-04 09:24:57,491 INFO 1260 [egg:logger] init all loggers with options: {"dir":"C:\\Users\\Administrator.CDEDUASK_PC\\Desktop\\shopping\\server\\logs\\server","encoding":"utf8","env":"local","level":"INFO","consoleLevel":"INFO","disableConsoleAfterReady":false,"outputJSON":false,"buffer":true,"appLogName":"server-web.log","coreLogName":"egg-web.log","agentLogName":"egg-agent.log","errorLogName":"common-error.log","coreLogger":{"consoleLevel":"WARN"},"allowDebugAtProd":false,"type":"application"}
2019-11-04 09:24:57,518 INFO 1260 [egg-multipart] stream mode enable
2019-11-04 09:24:57,863 INFO 1260 [egg-mongoose] connecting mongodb://127.0.0.1/shoppingMall
2019-11-04 09:24:58,180 INFO 1260 [egg-static] starting static serve /public/ -> C:\Users\Administrator.CDEDUASK_PC\Desktop\shopping\server\app\public
2019-11-04 09:24:58,184 INFO 1260 [egg-security] use methodnoallow middleware
2019-11-04 09:24:58,184 INFO 1260 [egg-security] use noopen middleware
2019-11-04 09:24:58,186 INFO 1260 [egg-security] use nosniff middleware
2019-11-04 09:24:58,187 INFO 1260 [egg-security] use xssProtection middleware
2019-11-04 09:24:58,187 INFO 1260 [egg-security] use xframe middleware
2019-11-04 09:24:58,188 INFO 1260 [egg-security] use dta middleware
2019-11-04 09:24:58,188 INFO 1260 [egg-security] compose 6 middlewares into one security middleware
2019-11-04 09:24:58,211 INFO 1260 [egg:core] dump config after load, 6ms
2019-11-04 09:24:58,214 INFO 1260 [egg-mongoose] starting...
2019-11-04 09:24:58,276 INFO 1260 [egg-mongoose] mongodb://127.0.0.1/shoppingMall connected successfully
2019-11-04 09:24:58,286 INFO 1260 [egg-mongoose] instance[0] start successfully
2019-11-04 09:24:58,293 INFO 1260 [egg-watcher:application] watcher start success
2019-11-04 09:24:58,302 INFO 1260 [egg:core] dump config after ready, 8ms
2019-11-04 09:27:36,816 INFO 4904 [egg:logger] init all loggers with options: {"dir":"C:\\Users\\Administrator.CDEDUASK_PC\\Desktop\\shopping\\server\\logs\\server","encoding":"utf8","env":"local","level":"INFO","consoleLevel":"INFO","disableConsoleAfterReady":false,"outputJSON":false,"buffer":true,"appLogName":"server-web.log","coreLogName":"egg-web.log","agentLogName":"egg-agent.log","errorLogName":"common-error.log","coreLogger":{"consoleLevel":"WARN"},"allowDebugAtProd":false,"type":"application"}
2019-11-04 09:27:36,844 INFO 4904 [egg-multipart] stream mode enable
2019-11-04 09:27:37,193 INFO 4904 [egg-mongoose] connecting mongodb://127.0.0.1/shoppingMall
2019-11-04 09:27:37,513 INFO 4904 [egg-static] starting static serve /public/ -> C:\Users\Administrator.CDEDUASK_PC\Desktop\shopping\server\app\public
2019-11-04 09:27:37,516 INFO 4904 [egg-security] use methodnoallow middleware
2019-11-04 09:27:37,517 INFO 4904 [egg-security] use noopen middleware
2019-11-04 09:27:37,519 INFO 4904 [egg-security] use nosniff middleware
2019-11-04 09:27:37,520 INFO 4904 [egg-security] use xssProtection middleware
2019-11-04 09:27:37,520 INFO 4904 [egg-security] use xframe middleware
2019-11-04 09:27:37,521 INFO 4904 [egg-security] use dta middleware
2019-11-04 09:27:37,521 INFO 4904 [egg-security] compose 6 middlewares into one security middleware
2019-11-04 09:27:37,544 INFO 4904 [egg:core] dump config after load, 6ms
2019-11-04 09:27:37,548 INFO 4904 [egg-mongoose] starting...
2019-11-04 09:27:37,611 INFO 4904 [egg-mongoose] mongodb://127.0.0.1/shoppingMall connected successfully
2019-11-04 09:27:37,618 INFO 4904 [egg-mongoose] instance[0] start successfully
2019-11-04 09:27:37,622 INFO 4904 [egg-watcher:application] watcher start success
2019-11-04 09:27:37,630 INFO 4904 [egg:core] dump config after ready, 7ms
2019-11-04 09:33:53,832 INFO 288 [egg:logger] init all loggers with options: {"dir":"C:\\Users\\Administrator.CDEDUASK_PC\\Desktop\\shopping\\server\\logs\\server","encoding":"utf8","env":"local","level":"INFO","consoleLevel":"INFO","disableConsoleAfterReady":false,"outputJSON":false,"buffer":true,"appLogName":"server-web.log","coreLogName":"egg-web.log","agentLogName":"egg-agent.log","errorLogName":"common-error.log","coreLogger":{"consoleLevel":"WARN"},"allowDebugAtProd":false,"type":"application"}
2019-11-04 09:33:53,865 INFO 288 [egg-multipart] stream mode enable
2019-11-04 09:33:54,200 INFO 288 [egg-mongoose] connecting mongodb://127.0.0.1/shoppingMall
2019-11-04 09:33:54,457 INFO 288 [egg-static] starting static serve /public/ -> C:\Users\Administrator.CDEDUASK_PC\Desktop\shopping\server\app\public
2019-11-04 09:33:54,459 INFO 288 [egg-security] use methodnoallow middleware
2019-11-04 09:33:54,460 INFO 288 [egg-security] use noopen middleware
2019-11-04 09:33:54,461 INFO 288 [egg-security] use nosniff middleware
2019-11-04 09:33:54,461 INFO 288 [egg-security] use xssProtection middleware
2019-11-04 09:33:54,462 INFO 288 [egg-security] use xframe middleware
2019-11-04 09:33:54,462 INFO 288 [egg-security] use dta middleware
2019-11-04 09:33:54,462 INFO 288 [egg-security] compose 6 middlewares into one security middleware
2019-11-04 09:33:54,481 INFO 288 [egg:core] dump config after load, 5ms
2019-11-04 09:33:54,483 INFO 288 [egg-mongoose] starting...
2019-11-04 09:33:54,536 INFO 288 [egg-mongoose] mongodb://127.0.0.1/shoppingMall connected successfully
2019-11-04 09:33:54,542 INFO 288 [egg-mongoose] instance[0] start successfully
2019-11-04 09:33:54,546 INFO 288 [egg-watcher:application] watcher start success
2019-11-04 09:33:54,556 INFO 288 [egg:core] dump config after ready, 8ms
2019-11-04 09:40:37,152 INFO 3704 [egg:logger] init all loggers with options: {"dir":"C:\\Users\\Administrator.CDEDUASK_PC\\Desktop\\shopping\\server\\logs\\server","encoding":"utf8","env":"local","level":"INFO","consoleLevel":"INFO","disableConsoleAfterReady":false,"outputJSON":false,"buffer":true,"appLogName":"server-web.log","coreLogName":"egg-web.log","agentLogName":"egg-agent.log","errorLogName":"common-error.log","coreLogger":{"consoleLevel":"WARN"},"allowDebugAtProd":false,"type":"application"}
2019-11-04 09:40:37,180 INFO 3704 [egg-multipart] stream mode enable
2019-11-04 09:40:37,496 INFO 3704 [egg-mongoose] connecting mongodb://127.0.0.1/shoppingMall
2019-11-04 09:40:37,753 INFO 3704 [egg-static] starting static serve /public/ -> C:\Users\Administrator.CDEDUASK_PC\Desktop\shopping\server\app\public
2019-11-04 09:40:37,756 INFO 3704 [egg-security] use methodnoallow middleware
2019-11-04 09:40:37,757 INFO 3704 [egg-security] use noopen middleware
2019-11-04 09:40:37,758 INFO 3704 [egg-security] use nosniff middleware
2019-11-04 09:40:37,758 INFO 3704 [egg-security] use xssProtection middleware
2019-11-04 09:40:37,759 INFO 3704 [egg-security] use xframe middleware
2019-11-04 09:40:37,760 INFO 3704 [egg-security] use dta middleware
2019-11-04 09:40:37,760 INFO 3704 [egg-security] compose 6 middlewares into one security middleware
2019-11-04 09:40:37,778 INFO 3704 [egg:core] dump config after load, 5ms
2019-11-04 09:40:37,780 INFO 3704 [egg-mongoose] starting...
2019-11-04 09:40:37,830 INFO 3704 [egg-mongoose] mongodb://127.0.0.1/shoppingMall connected successfully
2019-11-04 09:40:37,844 INFO 3704 [egg-mongoose] instance[0] start successfully
2019-11-04 09:40:37,846 INFO 3704 [egg-watcher:application] watcher start success
2019-11-04 09:40:37,855 INFO 3704 [egg:core] dump config after ready, 6ms
2019-11-05 08:36:04,065 INFO 2904 [egg:logger] init all loggers with options: {"dir":"C:\\Users\\Administrator.CDEDUASK_PC\\Desktop\\shopping\\server\\logs\\server","encoding":"utf8","env":"local","level":"INFO","consoleLevel":"INFO","disableConsoleAfterReady":false,"outputJSON":false,"buffer":true,"appLogName":"server-web.log","coreLogName":"egg-web.log","agentLogName":"egg-agent.log","errorLogName":"common-error.log","coreLogger":{"consoleLevel":"WARN"},"allowDebugAtProd":false,"type":"application"}
2019-11-05 08:36:04,097 INFO 2904 [egg-multipart] stream mode enable
2019-11-05 08:36:04,432 INFO 2904 [egg-mongoose] connecting mongodb://127.0.0.1/shoppingMall
2019-11-05 08:36:04,696 INFO 2904 [egg-static] starting static serve /public/ -> C:\Users\Administrator.CDEDUASK_PC\Desktop\shopping\server\app\public
2019-11-05 08:36:04,699 INFO 2904 [egg-security] use methodnoallow middleware
2019-11-05 08:36:04,699 INFO 2904 [egg-security] use noopen middleware
2019-11-05 08:36:04,700 INFO 2904 [egg-security] use nosniff middleware
2019-11-05 08:36:04,701 INFO 2904 [egg-security] use xssProtection middleware
2019-11-05 08:36:04,702 INFO 2904 [egg-security] use xframe middleware
2019-11-05 08:36:04,702 INFO 2904 [egg-security] use dta middleware
2019-11-05 08:36:04,702 INFO 2904 [egg-security] compose 6 middlewares into one security middleware
2019-11-05 08:36:04,720 INFO 2904 [egg:core] dump config after load, 4ms
2019-11-05 08:36:04,722 INFO 2904 [egg-mongoose] starting...
2019-11-05 08:36:04,775 INFO 2904 [egg-mongoose] mongodb://127.0.0.1/shoppingMall connected successfully
2019-11-05 08:36:04,781 INFO 2904 [egg-mongoose] instance[0] start successfully
2019-11-05 08:36:04,783 INFO 2904 [egg-watcher:application] watcher start success
2019-11-05 08:36:04,793 INFO 2904 [egg:core] dump config after ready, 7ms
2019-11-05 09:47:00,770 INFO 5452 [egg:logger] init all loggers with options: {"dir":"C:\\Users\\Administrator.CDEDUASK_PC\\Desktop\\shopping\\server\\logs\\server","encoding":"utf8","env":"local","level":"INFO","consoleLevel":"INFO","disableConsoleAfterReady":false,"outputJSON":false,"buffer":true,"appLogName":"server-web.log","coreLogName":"egg-web.log","agentLogName":"egg-agent.log","errorLogName":"common-error.log","coreLogger":{"consoleLevel":"WARN"},"allowDebugAtProd":false,"type":"application"}
2019-11-05 09:47:00,796 INFO 5452 [egg-multipart] stream mode enable
2019-11-05 09:47:01,308 INFO 5452 [egg-mongoose] connecting mongodb://127.0.0.1/shoppingMall
2019-11-05 09:47:01,710 INFO 5452 [egg-static] starting static serve /public/ -> C:\Users\Administrator.CDEDUASK_PC\Desktop\shopping\server\app\public
2019-11-05 09:47:01,713 INFO 5452 [egg-security] use methodnoallow middleware
2019-11-05 09:47:01,714 INFO 5452 [egg-security] use noopen middleware
2019-11-05 09:47:01,715 INFO 5452 [egg-security] use nosniff middleware
2019-11-05 09:47:01,716 INFO 5452 [egg-security] use xssProtection middleware
2019-11-05 09:47:01,716 INFO 5452 [egg-security] use xframe middleware
2019-11-05 09:47:01,717 INFO 5452 [egg-security] use dta middleware
2019-11-05 09:47:01,717 INFO 5452 [egg-security] compose 6 middlewares into one security middleware
2019-11-05 09:47:01,743 INFO 5452 [egg:core] dump config after load, 7ms
2019-11-05 09:47:01,744 INFO 5452 [egg-mongoose] starting...
2019-11-05 09:47:01,783 INFO 5452 [egg-mongoose] mongodb://127.0.0.1/shoppingMall connected successfully
2019-11-05 09:47:01,795 INFO 5452 [egg-mongoose] instance[0] start successfully
2019-11-05 09:47:01,800 INFO 5452 [egg-watcher:application] watcher start success
2019-11-05 09:47:01,816 INFO 5452 [egg:core] dump config after ready, 10ms
2019-11-05 09:50:36,961 INFO 4500 [egg:logger] init all loggers with options: {"dir":"C:\\Users\\Administrator.CDEDUASK_PC\\Desktop\\shopping\\server\\logs\\server","encoding":"utf8","env":"local","level":"INFO","consoleLevel":"INFO","disableConsoleAfterReady":false,"outputJSON":false,"buffer":true,"appLogName":"server-web.log","coreLogName":"egg-web.log","agentLogName":"egg-agent.log","errorLogName":"common-error.log","coreLogger":{"consoleLevel":"WARN"},"allowDebugAtProd":false,"type":"application"}
2019-11-05 09:50:36,988 INFO 4500 [egg-multipart] stream mode enable
2019-11-05 09:50:37,414 INFO 4500 [egg-mongoose] connecting mongodb://127.0.0.1/shoppingMall
2019-11-05 09:50:37,760 INFO 4500 [egg-static] starting static serve /public/ -> C:\Users\Administrator.CDEDUASK_PC\Desktop\shopping\server\app\public
2019-11-05 09:50:37,763 INFO 4500 [egg-security] use methodnoallow middleware
2019-11-05 09:50:37,764 INFO 4500 [egg-security] use noopen middleware
2019-11-05 09:50:37,765 INFO 4500 [egg-security] use nosniff middleware
2019-11-05 09:50:37,765 INFO 4500 [egg-security] use xssProtection middleware
2019-11-05 09:50:37,766 INFO 4500 [egg-security] use xframe middleware
2019-11-05 09:50:37,767 INFO 4500 [egg-security] use dta middleware
2019-11-05 09:50:37,767 INFO 4500 [egg-security] compose 6 middlewares into one security middleware
2019-11-05 09:50:37,788 INFO 4500 [egg:core] dump config after load, 4ms
2019-11-05 09:50:37,790 INFO 4500 [egg-mongoose] starting...
2019-11-05 09:50:37,839 INFO 4500 [egg-mongoose] mongodb://127.0.0.1/shoppingMall connected successfully
2019-11-05 09:50:37,854 INFO 4500 [egg-mongoose] instance[0] start successfully
2019-11-05 09:50:37,857 INFO 4500 [egg-watcher:application] watcher start success
2019-11-05 09:50:37,864 INFO 4500 [egg:core] dump config after ready, 5ms
2019-11-05 09:52:28,355 INFO 3004 [egg:logger] init all loggers with options: {"dir":"C:\\Users\\Administrator.CDEDUASK_PC\\Desktop\\shopping\\server\\logs\\server","encoding":"utf8","env":"local","level":"INFO","consoleLevel":"INFO","disableConsoleAfterReady":false,"outputJSON":false,"buffer":true,"appLogName":"server-web.log","coreLogName":"egg-web.log","agentLogName":"egg-agent.log","errorLogName":"common-error.log","coreLogger":{"consoleLevel":"WARN"},"allowDebugAtProd":false,"type":"application"}
2019-11-05 09:52:28,388 INFO 3004 [egg-multipart] stream mode enable
2019-11-05 09:52:28,716 INFO 3004 [egg-mongoose] connecting mongodb://127.0.0.1/shoppingMall
2019-11-05 09:52:28,972 INFO 3004 [egg-static] starting static serve /public/ -> C:\Users\Administrator.CDEDUASK_PC\Desktop\shopping\server\app\public
2019-11-05 09:52:28,974 INFO 3004 [egg-security] use methodnoallow middleware
2019-11-05 09:52:28,975 INFO 3004 [egg-security] use noopen middleware
2019-11-05 09:52:28,976 INFO 3004 [egg-security] use nosniff middleware
2019-11-05 09:52:28,977 INFO 3004 [egg-security] use xssProtection middleware
2019-11-05 09:52:28,977 INFO 3004 [egg-security] use xframe middleware
2019-11-05 09:52:28,978 INFO 3004 [egg-security] use dta middleware
2019-11-05 09:52:28,978 INFO 3004 [egg-security] compose 6 middlewares into one security middleware
2019-11-05 09:52:29,000 INFO 3004 [egg:core] dump config after load, 6ms
2019-11-05 09:52:29,002 INFO 3004 [egg-mongoose] starting...
2019-11-05 09:52:29,056 INFO 3004 [egg-mongoose] mongodb://127.0.0.1/shoppingMall connected successfully
2019-11-05 09:52:29,063 INFO 3004 [egg-mongoose] instance[0] start successfully
2019-11-05 09:52:29,067 INFO 3004 [egg-watcher:application] watcher start success
2019-11-05 09:52:29,075 INFO 3004 [egg:core] dump config after ready, 7ms
2019-11-06 08:25:14,253 INFO 3600 [egg:logger] init all loggers with options: {"dir":"C:\\Users\\Administrator.CDEDUASK_PC\\Desktop\\shopping\\server\\logs\\server","encoding":"utf8","env":"local","level":"INFO","consoleLevel":"INFO","disableConsoleAfterReady":false,"outputJSON":false,"buffer":true,"appLogName":"server-web.log","coreLogName":"egg-web.log","agentLogName":"egg-agent.log","errorLogName":"common-error.log","coreLogger":{"consoleLevel":"WARN"},"allowDebugAtProd":false,"type":"application"}
2019-11-06 08:25:14,283 INFO 3600 [egg-multipart] stream mode enable
2019-11-06 08:25:14,894 INFO 3600 [egg-mongoose] connecting mongodb://127.0.0.1/shoppingMall
2019-11-06 08:25:15,304 INFO 3600 [egg-static] starting static serve /public/ -> C:\Users\Administrator.CDEDUASK_PC\Desktop\shopping\server\app\public
2019-11-06 08:25:15,307 INFO 3600 [egg-security] use methodnoallow middleware
2019-11-06 08:25:15,308 INFO 3600 [egg-security] use noopen middleware
2019-11-06 08:25:15,309 INFO 3600 [egg-security] use nosniff middleware
2019-11-06 08:25:15,310 INFO 3600 [egg-security] use xssProtection middleware
2019-11-06 08:25:15,311 INFO 3600 [egg-security] use xframe middleware
2019-11-06 08:25:15,311 INFO 3600 [egg-security] use dta middleware
2019-11-06 08:25:15,311 INFO 3600 [egg-security] compose 6 middlewares into one security middleware
2019-11-06 08:25:15,336 INFO 3600 [egg:core] dump config after load, 5ms
2019-11-06 08:25:15,339 INFO 3600 [egg-mongoose] starting...
2019-11-06 08:25:15,391 INFO 3600 [egg-mongoose] mongodb://127.0.0.1/shoppingMall connected successfully
2019-11-06 08:25:15,405 INFO 3600 [egg-mongoose] instance[0] start successfully
2019-11-06 08:25:15,407 INFO 3600 [egg-watcher:application] watcher start success
2019-11-06 08:25:15,416 INFO 3600 [egg:core] dump config after ready, 6ms
2019-11-06 18:15:01,619 INFO 4456 [egg:logger] init all loggers with options: {"dir":"C:\\Users\\Administrator.CDEDUASK_PC\\Desktop\\shopping\\server\\logs\\server","encoding":"utf8","env":"local","level":"INFO","consoleLevel":"INFO","disableConsoleAfterReady":false,"outputJSON":false,"buffer":true,"appLogName":"server-web.log","coreLogName":"egg-web.log","agentLogName":"egg-agent.log","errorLogName":"common-error.log","coreLogger":{"consoleLevel":"WARN"},"allowDebugAtProd":false,"type":"application"}
2019-11-06 18:15:01,645 INFO 4456 [egg-multipart] stream mode enable
2019-11-06 18:15:02,167 INFO 4456 [egg-mongoose] connecting mongodb://127.0.0.1/shoppingMall
2019-11-06 18:15:02,570 INFO 4456 [egg-static] starting static serve /public/ -> C:\Users\Administrator.CDEDUASK_PC\Desktop\shopping\server\app\public
2019-11-06 18:15:02,573 INFO 4456 [egg-security] use methodnoallow middleware
2019-11-06 18:15:02,574 INFO 4456 [egg-security] use noopen middleware
2019-11-06 18:15:02,576 INFO 4456 [egg-security] use nosniff middleware
2019-11-06 18:15:02,577 INFO 4456 [egg-security] use xssProtection middleware
2019-11-06 18:15:02,577 INFO 4456 [egg-security] use xframe middleware
2019-11-06 18:15:02,578 INFO 4456 [egg-security] use dta middleware
2019-11-06 18:15:02,578 INFO 4456 [egg-security] compose 6 middlewares into one security middleware
2019-11-06 18:15:02,603 INFO 4456 [egg:core] dump config after load, 6ms
2019-11-06 18:15:02,605 INFO 4456 [egg-mongoose] starting...
2019-11-06 18:15:02,662 INFO 4456 [egg-mongoose] mongodb://127.0.0.1/shoppingMall connected successfully
2019-11-06 18:15:02,668 INFO 4456 [egg-mongoose] instance[0] start successfully
2019-11-06 18:15:02,670 INFO 4456 [egg-watcher:application] watcher start success
2019-11-06 18:15:02,683 INFO 4456 [egg:core] dump config after ready, 9ms
2019-11-07 08:26:44,391 INFO 1336 [egg:logger] init all loggers with options: {"dir":"C:\\Users\\Administrator.CDEDUASK_PC\\Desktop\\shopping\\server\\logs\\server","encoding":"utf8","env":"local","level":"INFO","consoleLevel":"INFO","disableConsoleAfterReady":false,"outputJSON":false,"buffer":true,"appLogName":"server-web.log","coreLogName":"egg-web.log","agentLogName":"egg-agent.log","errorLogName":"common-error.log","coreLogger":{"consoleLevel":"WARN"},"allowDebugAtProd":false,"type":"application"}
2019-11-07 08:26:44,417 INFO 1336 [egg-multipart] stream mode enable
2019-11-07 08:26:44,926 INFO 1336 [egg-mongoose] connecting mongodb://127.0.0.1/shoppingMall
2019-11-07 08:26:45,308 INFO 1336 [egg-static] starting static serve /public/ -> C:\Users\Administrator.CDEDUASK_PC\Desktop\shopping\server\app\public
2019-11-07 08:26:45,311 INFO 1336 [egg-security] use methodnoallow middleware
2019-11-07 08:26:45,311 INFO 1336 [egg-security] use noopen middleware
2019-11-07 08:26:45,313 INFO 1336 [egg-security] use nosniff middleware
2019-11-07 08:26:45,313 INFO 1336 [egg-security] use xssProtection middleware
2019-11-07 08:26:45,314 INFO 1336 [egg-security] use xframe middleware
2019-11-07 08:26:45,314 INFO 1336 [egg-security] use dta middleware
2019-11-07 08:26:45,315 INFO 1336 [egg-security] compose 6 middlewares into one security middleware
2019-11-07 08:26:45,337 INFO 1336 [egg:core] dump config after load, 4ms
2019-11-07 08:26:45,340 INFO 1336 [egg-mongoose] starting...
2019-11-07 08:26:45,398 INFO 1336 [egg-watcher:application] watcher start success
2019-11-07 08:26:45,406 INFO 1336 [egg-mongoose] mongodb://127.0.0.1/shoppingMall connected successfully
2019-11-07 08:26:45,412 INFO 1336 [egg-mongoose] instance[0] start successfully
2019-11-07 08:26:45,422 INFO 1336 [egg:core] dump config after ready, 8ms
2019-11-08 08:08:48,220 INFO 4348 [egg:logger] init all loggers with options: {"dir":"C:\\Users\\Administrator.CDEDUASK_PC\\Desktop\\shopping\\server\\logs\\server","encoding":"utf8","env":"local","level":"INFO","consoleLevel":"INFO","disableConsoleAfterReady":false,"outputJSON":false,"buffer":true,"appLogName":"server-web.log","coreLogName":"egg-web.log","agentLogName":"egg-agent.log","errorLogName":"common-error.log","coreLogger":{"consoleLevel":"WARN"},"allowDebugAtProd":false,"type":"application"}
2019-11-08 08:08:48,247 INFO 4348 [egg-multipart] stream mode enable
2019-11-08 08:08:48,777 INFO 4348 [egg-mongoose] connecting mongodb://127.0.0.1/shoppingMall
2019-11-08 08:08:49,168 INFO 4348 [egg-static] starting static serve /public/ -> C:\Users\Administrator.CDEDUASK_PC\Desktop\shopping\server\app\public
2019-11-08 08:08:49,171 INFO 4348 [egg-security] use methodnoallow middleware
2019-11-08 08:08:49,172 INFO 4348 [egg-security] use noopen middleware
2019-11-08 08:08:49,173 INFO 4348 [egg-security] use nosniff middleware
2019-11-08 08:08:49,174 INFO 4348 [egg-security] use xssProtection middleware
2019-11-08 08:08:49,175 INFO 4348 [egg-security] use xframe middleware
2019-11-08 08:08:49,175 INFO 4348 [egg-security] use dta middleware
2019-11-08 08:08:49,175 INFO 4348 [egg-security] compose 6 middlewares into one security middleware
2019-11-08 08:08:49,199 INFO 4348 [egg:core] dump config after load, 5ms
2019-11-08 08:08:49,201 INFO 4348 [egg-mongoose] starting...
2019-11-08 08:08:49,244 INFO 4348 [egg-watcher:application] watcher start success
2019-11-08 08:08:49,253 INFO 4348 [egg-mongoose] mongodb://127.0.0.1/shoppingMall connected successfully
2019-11-08 08:08:49,267 INFO 4348 [egg-mongoose] instance[0] start successfully
2019-11-08 08:08:49,275 INFO 4348 [egg:core] dump config after ready, 6ms
2019-11-09 08:35:02,538 INFO 908 [egg:logger] init all loggers with options: {"dir":"C:\\Users\\Administrator.CDEDUASK_PC\\Desktop\\shopping\\server\\logs\\server","encoding":"utf8","env":"local","level":"INFO","consoleLevel":"INFO","disableConsoleAfterReady":false,"outputJSON":false,"buffer":true,"appLogName":"server-web.log","coreLogName":"egg-web.log","agentLogName":"egg-agent.log","errorLogName":"common-error.log","coreLogger":{"consoleLevel":"WARN"},"allowDebugAtProd":false,"type":"application"}
2019-11-09 08:35:02,565 INFO 908 [egg-multipart] stream mode enable
2019-11-09 08:35:03,109 INFO 908 [egg-mongoose] connecting mongodb://127.0.0.1/shoppingMall
2019-11-09 08:35:03,537 INFO 908 [egg-static] starting static serve /public/ -> C:\Users\Administrator.CDEDUASK_PC\Desktop\shopping\server\app\public
2019-11-09 08:35:03,540 INFO 908 [egg-security] use methodnoallow middleware
2019-11-09 08:35:03,541 INFO 908 [egg-security] use noopen middleware
2019-11-09 08:35:03,542 INFO 908 [egg-security] use nosniff middleware
2019-11-09 08:35:03,543 INFO 908 [egg-security] use xssProtection middleware
2019-11-09 08:35:03,544 INFO 908 [egg-security] use xframe middleware
2019-11-09 08:35:03,544 INFO 908 [egg-security] use dta middleware
2019-11-09 08:35:03,544 INFO 908 [egg-security] compose 6 middlewares into one security middleware
2019-11-09 08:35:03,571 INFO 908 [egg:core] dump config after load, 5ms
2019-11-09 08:35:03,573 INFO 908 [egg-mongoose] starting...
2019-11-09 08:35:03,629 INFO 908 [egg-mongoose] mongodb://127.0.0.1/shoppingMall connected successfully
2019-11-09 08:35:03,642 INFO 908 [egg-mongoose] instance[0] start successfully
2019-11-09 08:35:03,644 INFO 908 [egg-watcher:application] watcher start success
2019-11-09 08:35:03,654 INFO 908 [egg:core] dump config after ready, 7ms
2019-11-11 08:24:11,192 INFO 2932 [egg:logger] init all loggers with options: {"dir":"C:\\Users\\Administrator.CDEDUASK_PC\\Desktop\\shopping\\server\\logs\\server","encoding":"utf8","env":"local","level":"INFO","consoleLevel":"INFO","disableConsoleAfterReady":false,"outputJSON":false,"buffer":true,"appLogName":"server-web.log","coreLogName":"egg-web.log","agentLogName":"egg-agent.log","errorLogName":"common-error.log","coreLogger":{"consoleLevel":"WARN"},"allowDebugAtProd":false,"type":"application"}
2019-11-11 08:24:11,218 INFO 2932 [egg-multipart] stream mode enable
2019-11-11 08:24:11,996 INFO 2932 [egg-mongoose] connecting mongodb://127.0.0.1/shoppingMall
2019-11-11 08:24:12,420 INFO 2932 [egg-static] starting static serve /public/ -> C:\Users\Administrator.CDEDUASK_PC\Desktop\shopping\server\app\public
2019-11-11 08:24:12,424 INFO 2932 [egg-security] use methodnoallow middleware
2019-11-11 08:24:12,425 INFO 2932 [egg-security] use noopen middleware
2019-11-11 08:24:12,427 INFO 2932 [egg-security] use nosniff middleware
2019-11-11 08:24:12,427 INFO 2932 [egg-security] use xssProtection middleware
2019-11-11 08:24:12,428 INFO 2932 [egg-security] use xframe middleware
2019-11-11 08:24:12,429 INFO 2932 [egg-security] use dta middleware
2019-11-11 08:24:12,429 INFO 2932 [egg-security] compose 6 middlewares into one security middleware
2019-11-11 08:24:12,453 INFO 2932 [egg:core] dump config after load, 6ms
2019-11-11 08:24:12,454 INFO 2932 [egg-mongoose] starting...
2019-11-11 08:24:12,503 INFO 2932 [egg-watcher:application] watcher start success
2019-11-11 08:24:12,507 INFO 2932 [egg-mongoose] mongodb://127.0.0.1/shoppingMall connected successfully
2019-11-11 08:24:12,518 INFO 2932 [egg-mongoose] instance[0] start successfully
2019-11-11 08:24:12,526 INFO 2932 [egg:core] dump config after ready, 6ms
2019-11-12 08:26:33,642 INFO 4560 [egg:logger] init all loggers with options: {"dir":"C:\\Users\\Administrator.CDEDUASK_PC\\Desktop\\shopping\\server\\logs\\server","encoding":"utf8","env":"local","level":"INFO","consoleLevel":"INFO","disableConsoleAfterReady":false,"outputJSON":false,"buffer":true,"appLogName":"server-web.log","coreLogName":"egg-web.log","agentLogName":"egg-agent.log","errorLogName":"common-error.log","coreLogger":{"consoleLevel":"WARN"},"allowDebugAtProd":false,"type":"application"}
2019-11-12 08:26:33,668 INFO 4560 [egg-multipart] stream mode enable
2019-11-12 08:26:34,222 INFO 4560 [egg-mongoose] connecting mongodb://127.0.0.1/shoppingMall
2019-11-12 08:26:34,682 INFO 4560 [egg-static] starting static serve /public/ -> C:\Users\Administrator.CDEDUASK_PC\Desktop\shopping\server\app\public
2019-11-12 08:26:34,686 INFO 4560 [egg-security] use methodnoallow middleware
2019-11-12 08:26:34,686 INFO 4560 [egg-security] use noopen middleware
2019-11-12 08:26:34,688 INFO 4560 [egg-security] use nosniff middleware
2019-11-12 08:26:34,688 INFO 4560 [egg-security] use xssProtection middleware
2019-11-12 08:26:34,689 INFO 4560 [egg-security] use xframe middleware
2019-11-12 08:26:34,690 INFO 4560 [egg-security] use dta middleware
2019-11-12 08:26:34,690 INFO 4560 [egg-security] compose 6 middlewares into one security middleware
2019-11-12 08:26:34,714 INFO 4560 [egg:core] dump config after load, 5ms
2019-11-12 08:26:34,716 INFO 4560 [egg-mongoose] starting...
2019-11-12 08:26:34,767 INFO 4560 [egg-mongoose] mongodb://127.0.0.1/shoppingMall connected successfully
2019-11-12 08:26:34,782 INFO 4560 [egg-mongoose] instance[0] start successfully
2019-11-12 08:26:34,783 INFO 4560 [egg-watcher:application] watcher start success
2019-11-12 08:26:34,792 INFO 4560 [egg:core] dump config after ready, 5ms
2019-11-13 08:25:43,149 INFO 2660 [egg:logger] init all loggers with options: {"dir":"C:\\Users\\Administrator.CDEDUASK_PC\\Desktop\\shopping\\server\\logs\\server","encoding":"utf8","env":"local","level":"INFO","consoleLevel":"INFO","disableConsoleAfterReady":false,"outputJSON":false,"buffer":true,"appLogName":"server-web.log","coreLogName":"egg-web.log","agentLogName":"egg-agent.log","errorLogName":"common-error.log","coreLogger":{"consoleLevel":"WARN"},"allowDebugAtProd":false,"type":"application"}
2019-11-13 08:25:43,178 INFO 2660 [egg-multipart] stream mode enable
2019-11-13 08:25:43,814 INFO 2660 [egg-mongoose] connecting mongodb://127.0.0.1/shoppingMall
2019-11-13 08:25:44,308 INFO 2660 [egg-static] starting static serve /public/ -> C:\Users\Administrator.CDEDUASK_PC\Desktop\shopping\server\app\public
2019-11-13 08:25:44,312 INFO 2660 [egg-security] use methodnoallow middleware
2019-11-13 08:25:44,313 INFO 2660 [egg-security] use noopen middleware
2019-11-13 08:25:44,315 INFO 2660 [egg-security] use nosniff middleware
2019-11-13 08:25:44,316 INFO 2660 [egg-security] use xssProtection middleware
2019-11-13 08:25:44,317 INFO 2660 [egg-security] use xframe middleware
2019-11-13 08:25:44,318 INFO 2660 [egg-security] use dta middleware
2019-11-13 08:25:44,318 INFO 2660 [egg-security] compose 6 middlewares into one security middleware
2019-11-13 08:25:44,344 INFO 2660 [egg:core] dump config after load, 6ms
2019-11-13 08:25:44,346 INFO 2660 [egg-mongoose] starting...
2019-11-13 08:25:44,398 INFO 2660 [egg-watcher:application] watcher start success
2019-11-13 08:25:44,401 INFO 2660 [egg-mongoose] mongodb://127.0.0.1/shoppingMall connected successfully
2019-11-13 08:25:44,416 INFO 2660 [egg-mongoose] instance[0] start successfully
2019-11-13 08:25:44,424 INFO 2660 [egg:core] dump config after ready, 7ms
2019-11-13 18:33:51,271 INFO 1312 [egg:logger] init all loggers with options: {"dir":"C:\\Users\\Administrator.CDEDUASK_PC\\Desktop\\shopping\\server\\logs\\server","encoding":"utf8","env":"local","level":"INFO","consoleLevel":"INFO","disableConsoleAfterReady":false,"outputJSON":false,"buffer":true,"appLogName":"server-web.log","coreLogName":"egg-web.log","agentLogName":"egg-agent.log","errorLogName":"common-error.log","coreLogger":{"consoleLevel":"WARN"},"allowDebugAtProd":false,"type":"application"}
2019-11-13 18:33:51,299 INFO 1312 [egg-multipart] stream mode enable
2019-11-13 18:33:51,810 INFO 1312 [egg-mongoose] connecting mongodb://127.0.0.1/shoppingMall
2019-11-13 18:33:52,232 INFO 1312 [egg-static] starting static serve /public/ -> C:\Users\Administrator.CDEDUASK_PC\Desktop\shopping\server\app\public
2019-11-13 18:33:52,235 INFO 1312 [egg-security] use methodnoallow middleware
2019-11-13 18:33:52,235 INFO 1312 [egg-security] use noopen middleware
2019-11-13 18:33:52,237 INFO 1312 [egg-security] use nosniff middleware
2019-11-13 18:33:52,238 INFO 1312 [egg-security] use xssProtection middleware
2019-11-13 18:33:52,238 INFO 1312 [egg-security] use xframe middleware
2019-11-13 18:33:52,239 INFO 1312 [egg-security] use dta middleware
2019-11-13 18:33:52,239 INFO 1312 [egg-security] compose 6 middlewares into one security middleware
2019-11-13 18:33:52,266 INFO 1312 [egg:core] dump config after load, 5ms
2019-11-13 18:33:52,267 INFO 1312 [egg-mongoose] starting...
2019-11-13 18:33:52,329 INFO 1312 [egg-mongoose] mongodb://127.0.0.1/shoppingMall connected successfully
2019-11-13 18:33:52,336 INFO 1312 [egg-mongoose] instance[0] start successfully
2019-11-13 18:33:52,337 INFO 1312 [egg-watcher:application] watcher start success
2019-11-13 18:33:52,346 INFO 1312 [egg:core] dump config after ready, 5ms
2019-11-14 08:32:55,599 INFO 4268 [egg:logger] init all loggers with options: {"dir":"C:\\Users\\Administrator.CDEDUASK_PC\\Desktop\\shopping\\server\\logs\\server","encoding":"utf8","env":"local","level":"INFO","consoleLevel":"INFO","disableConsoleAfterReady":false,"outputJSON":false,"buffer":true,"appLogName":"server-web.log","coreLogName":"egg-web.log","agentLogName":"egg-agent.log","errorLogName":"common-error.log","coreLogger":{"consoleLevel":"WARN"},"allowDebugAtProd":false,"type":"application"}
2019-11-14 08:32:55,625 INFO 4268 [egg-multipart] stream mode enable
2019-11-14 08:32:56,149 INFO 4268 [egg-mongoose] connecting mongodb://127.0.0.1/shoppingMall
2019-11-14 08:32:56,560 INFO 4268 [egg-static] starting static serve /public/ -> C:\Users\Administrator.CDEDUASK_PC\Desktop\shopping\server\app\public
2019-11-14 08:32:56,563 INFO 4268 [egg-security] use methodnoallow middleware
2019-11-14 08:32:56,564 INFO 4268 [egg-security] use noopen middleware
2019-11-14 08:32:56,566 INFO 4268 [egg-security] use nosniff middleware
2019-11-14 08:32:56,566 INFO 4268 [egg-security] use xssProtection middleware
2019-11-14 08:32:56,567 INFO 4268 [egg-security] use xframe middleware
2019-11-14 08:32:56,568 INFO 4268 [egg-security] use dta middleware
2019-11-14 08:32:56,568 INFO 4268 [egg-security] compose 6 middlewares into one security middleware
2019-11-14 08:32:56,593 INFO 4268 [egg:core] dump config after load, 5ms
2019-11-14 08:32:56,595 INFO 4268 [egg-mongoose] starting...
2019-11-14 08:32:56,644 INFO 4268 [egg-mongoose] mongodb://127.0.0.1/shoppingMall connected successfully
2019-11-14 08:32:56,655 INFO 4268 [egg-mongoose] instance[0] start successfully
2019-11-14 08:32:56,657 INFO 4268 [egg-watcher:application] watcher start success
2019-11-14 08:32:56,671 INFO 4268 [egg:core] dump config after ready, 10ms
2019-11-15 08:25:39,649 INFO 4344 [egg:logger] init all loggers with options: {"dir":"C:\\Users\\Administrator.CDEDUASK_PC\\Desktop\\shopping\\server\\logs\\server","encoding":"utf8","env":"local","level":"INFO","consoleLevel":"INFO","disableConsoleAfterReady":false,"outputJSON":false,"buffer":true,"appLogName":"server-web.log","coreLogName":"egg-web.log","agentLogName":"egg-agent.log","errorLogName":"common-error.log","coreLogger":{"consoleLevel":"WARN"},"allowDebugAtProd":false,"type":"application"}
2019-11-15 08:25:39,676 INFO 4344 [egg-multipart] stream mode enable
2019-11-15 08:25:40,282 INFO 4344 [egg-mongoose] connecting mongodb://127.0.0.1/shoppingMall
2019-11-15 08:25:41,010 INFO 4344 [egg-static] starting static serve /public/ -> C:\Users\Administrator.CDEDUASK_PC\Desktop\shopping\server\app\public
2019-11-15 08:25:41,013 INFO 4344 [egg-security] use methodnoallow middleware
2019-11-15 08:25:41,014 INFO 4344 [egg-security] use noopen middleware
2019-11-15 08:25:41,016 INFO 4344 [egg-security] use nosniff middleware
2019-11-15 08:25:41,017 INFO 4344 [egg-security] use xssProtection middleware
2019-11-15 08:25:41,018 INFO 4344 [egg-security] use xframe middleware
2019-11-15 08:25:41,018 INFO 4344 [egg-security] use dta middleware
2019-11-15 08:25:41,018 INFO 4344 [egg-security] compose 6 middlewares into one security middleware
2019-11-15 08:25:41,046 INFO 4344 [egg:core] dump config after load, 6ms
2019-11-15 08:25:41,048 INFO 4344 [egg-mongoose] starting...
2019-11-15 08:25:41,098 INFO 4344 [egg-mongoose] mongodb://127.0.0.1/shoppingMall connected successfully
2019-11-15 08:25:41,113 INFO 4344 [egg-mongoose] instance[0] start successfully
2019-11-15 08:25:41,117 INFO 4344 [egg-watcher:application] watcher start success
2019-11-15 08:25:41,124 INFO 4344 [egg:core] dump config after ready, 6ms
2019-11-16 08:18:38,544 INFO 4572 [egg:logger] init all loggers with options: {"dir":"C:\\Users\\Administrator.CDEDUASK_PC\\Desktop\\shopping\\server\\logs\\server","encoding":"utf8","env":"local","level":"INFO","consoleLevel":"INFO","disableConsoleAfterReady":false,"outputJSON":false,"buffer":true,"appLogName":"server-web.log","coreLogName":"egg-web.log","agentLogName":"egg-agent.log","errorLogName":"common-error.log","coreLogger":{"consoleLevel":"WARN"},"allowDebugAtProd":false,"type":"application"}
2019-11-16 08:18:38,571 INFO 4572 [egg-multipart] stream mode enable
2019-11-16 08:18:39,102 INFO 4572 [egg-mongoose] connecting mongodb://127.0.0.1/shoppingMall
2019-11-16 08:18:39,575 INFO 4572 [egg-static] starting static serve /public/ -> C:\Users\Administrator.CDEDUASK_PC\Desktop\shopping\server\app\public
2019-11-16 08:18:39,578 INFO 4572 [egg-security] use methodnoallow middleware
2019-11-16 08:18:39,579 INFO 4572 [egg-security] use noopen middleware
2019-11-16 08:18:39,580 INFO 4572 [egg-security] use nosniff middleware
2019-11-16 08:18:39,581 INFO 4572 [egg-security] use xssProtection middleware
2019-11-16 08:18:39,582 INFO 4572 [egg-security] use xframe middleware
2019-11-16 08:18:39,583 INFO 4572 [egg-security] use dta middleware
2019-11-16 08:18:39,583 INFO 4572 [egg-security] compose 6 middlewares into one security middleware
2019-11-16 08:18:39,608 INFO 4572 [egg:core] dump config after load, 4ms
2019-11-16 08:18:39,609 INFO 4572 [egg-mongoose] starting...
2019-11-16 08:18:39,748 INFO 4572 [egg-watcher:application] watcher start success
2019-11-16 08:18:39,773 INFO 4572 [egg-mongoose] mongodb://127.0.0.1/shoppingMall connected successfully
2019-11-16 08:18:39,780 INFO 4572 [egg-mongoose] instance[0] start successfully
2019-11-16 08:18:39,798 INFO 4572 [egg:core] dump config after ready, 6ms
