2019-04-26 21:53:24,619 INFO 12066 [egg-schedule]: register schedule /Users/lp1/Downloads/Vue-shopping-master/egg/node_modules/_egg-logrotator@3.1.0@egg-logrotator/app/schedule/clean_log.js
2019-04-26 21:53:24,619 INFO 12066 [egg-schedule]: register schedule /Users/lp1/Downloads/Vue-shopping-master/egg/node_modules/_egg-logrotator@3.1.0@egg-logrotator/app/schedule/rotate_by_file.js
2019-04-26 21:53:25,133 INFO 12060 [Timer] /Users/lp1/Downloads/Vue-shopping-master/egg/node_modules/_egg-logrotator@3.1.0@egg-logrotator/app/schedule/clean_log.js next time will execute after 7594868ms at 2019-04-27 00:00:00.001
2019-04-26 21:53:25,134 INFO 12060 [Timer] /Users/lp1/Downloads/Vue-shopping-master/egg/node_modules/_egg-logrotator@3.1.0@egg-logrotator/app/schedule/rotate_by_file.js next time will execute after 7595867ms at 2019-04-27 00:00:01.001
2019-04-27 08:36:27,870 INFO 6732 [egg-schedule]: register schedule C:\Users\Administrator\Desktop\shop\server\node_modules\egg-logrotator\app\schedule\clean_log.js
2019-04-27 08:36:27,870 INFO 6732 [egg-schedule]: register schedule C:\Users\Administrator\Desktop\shop\server\node_modules\egg-logrotator\app\schedule\rotate_by_file.js
2019-04-27 08:36:28,544 INFO 2016 [Timer] C:\Users\Administrator\Desktop\shop\server\node_modules\egg-logrotator\app\schedule\clean_log.js next time will execute after 55411458ms at 2019-04-28 00:00:00.002
2019-04-27 08:36:28,545 INFO 2016 [Timer] C:\Users\Administrator\Desktop\shop\server\node_modules\egg-logrotator\app\schedule\rotate_by_file.js next time will execute after 55412456ms at 2019-04-28 00:00:01.001
2019-04-27 10:25:49,289 INFO 3124 [egg-schedule]: register schedule C:\Users\Administrator\Desktop\shop\server\node_modules\egg-logrotator\app\schedule\clean_log.js
2019-04-27 10:25:49,289 INFO 3124 [egg-schedule]: register schedule C:\Users\Administrator\Desktop\shop\server\node_modules\egg-logrotator\app\schedule\rotate_by_file.js
2019-04-27 10:25:50,207 INFO 4408 [Timer] C:\Users\Administrator\Desktop\shop\server\node_modules\egg-logrotator\app\schedule\clean_log.js next time will execute after 48849796ms at 2019-04-28 00:00:00.003
2019-04-27 10:25:50,208 INFO 4408 [Timer] C:\Users\Administrator\Desktop\shop\server\node_modules\egg-logrotator\app\schedule\rotate_by_file.js next time will execute after 48850793ms at 2019-04-28 00:00:01.001
2019-04-30 13:56:42,574 INFO 7004 [egg-schedule]: register schedule C:\Users\Administrator\Desktop\shop\server\node_modules\_egg-logrotator@3.1.0@egg-logrotator\app\schedule\clean_log.js
2019-04-30 13:56:42,574 INFO 7004 [egg-schedule]: register schedule C:\Users\Administrator\Desktop\shop\server\node_modules\_egg-logrotator@3.1.0@egg-logrotator\app\schedule\rotate_by_file.js
2019-04-30 13:56:43,566 INFO 7296 [Timer] C:\Users\Administrator\Desktop\shop\server\node_modules\_egg-logrotator@3.1.0@egg-logrotator\app\schedule\clean_log.js next time will execute after 36196437ms at 2019-05-01 00:00:00.003
2019-04-30 13:56:43,566 INFO 7296 [Timer] C:\Users\Administrator\Desktop\shop\server\node_modules\_egg-logrotator@3.1.0@egg-logrotator\app\schedule\rotate_by_file.js next time will execute after 36197434ms at 2019-05-01 00:00:01.000
2019-04-30 14:03:27,981 INFO 1108 [egg-schedule]: register schedule C:\Users\Administrator\Desktop\shop\server\node_modules\_egg-logrotator@3.1.0@egg-logrotator\app\schedule\clean_log.js
2019-04-30 14:03:27,981 INFO 1108 [egg-schedule]: register schedule C:\Users\Administrator\Desktop\shop\server\node_modules\_egg-logrotator@3.1.0@egg-logrotator\app\schedule\rotate_by_file.js
2019-04-30 14:03:28,965 INFO 7224 [Timer] C:\Users\Administrator\Desktop\shop\server\node_modules\_egg-logrotator@3.1.0@egg-logrotator\app\schedule\clean_log.js next time will execute after 35791037ms at 2019-05-01 00:00:00.002
2019-04-30 14:03:28,965 INFO 7224 [Timer] C:\Users\Administrator\Desktop\shop\server\node_modules\_egg-logrotator@3.1.0@egg-logrotator\app\schedule\rotate_by_file.js next time will execute after 35792035ms at 2019-05-01 00:00:01.000
2019-04-30 15:00:05,800 INFO 6380 [egg-schedule]: register schedule C:\Users\Administrator\Desktop\shop\server\node_modules\_egg-logrotator@3.1.0@egg-logrotator\app\schedule\clean_log.js
2019-04-30 15:00:05,800 INFO 6380 [egg-schedule]: register schedule C:\Users\Administrator\Desktop\shop\server\node_modules\_egg-logrotator@3.1.0@egg-logrotator\app\schedule\rotate_by_file.js
2019-04-30 15:01:10,434 INFO 6940 [egg-schedule]: register schedule C:\Users\Administrator\Desktop\shop\server\node_modules\_egg-logrotator@3.1.0@egg-logrotator\app\schedule\clean_log.js
2019-04-30 15:01:10,434 INFO 6940 [egg-schedule]: register schedule C:\Users\Administrator\Desktop\shop\server\node_modules\_egg-logrotator@3.1.0@egg-logrotator\app\schedule\rotate_by_file.js
2019-04-30 15:10:23,300 INFO 1588 [egg-schedule]: register schedule C:\Users\Administrator\Desktop\shop\server\node_modules\_egg-logrotator@3.1.0@egg-logrotator\app\schedule\clean_log.js
2019-04-30 15:10:23,300 INFO 1588 [egg-schedule]: register schedule C:\Users\Administrator\Desktop\shop\server\node_modules\_egg-logrotator@3.1.0@egg-logrotator\app\schedule\rotate_by_file.js
2019-04-30 16:00:35,805 INFO 8096 [Timer] C:\Users\Administrator\Desktop\shop\server\node_modules\_egg-logrotator@3.1.0@egg-logrotator\app\schedule\clean_log.js next time will execute after 28764197ms at 2019-05-01 00:00:00.002
2019-04-30 16:00:35,806 INFO 8096 [Timer] C:\Users\Administrator\Desktop\shop\server\node_modules\_egg-logrotator@3.1.0@egg-logrotator\app\schedule\rotate_by_file.js next time will execute after 28765194ms at 2019-05-01 00:00:01.000
2019-04-30 16:00:34,907 INFO 2516 [egg-schedule]: register schedule C:\Users\Administrator\Desktop\shop\server\node_modules\_egg-logrotator@3.1.0@egg-logrotator\app\schedule\clean_log.js
2019-04-30 16:00:34,907 INFO 2516 [egg-schedule]: register schedule C:\Users\Administrator\Desktop\shop\server\node_modules\_egg-logrotator@3.1.0@egg-logrotator\app\schedule\rotate_by_file.js
2019-04-30 16:27:59,003 INFO 1652 [egg-schedule]: register schedule C:\Users\Administrator\Desktop\shop\server\node_modules\_egg-logrotator@3.1.0@egg-logrotator\app\schedule\clean_log.js
2019-04-30 16:27:59,003 INFO 1652 [egg-schedule]: register schedule C:\Users\Administrator\Desktop\shop\server\node_modules\_egg-logrotator@3.1.0@egg-logrotator\app\schedule\rotate_by_file.js
2019-04-30 16:27:59,901 INFO 3480 [Timer] C:\Users\Administrator\Desktop\shop\server\node_modules\_egg-logrotator@3.1.0@egg-logrotator\app\schedule\clean_log.js next time will execute after 27120102ms at 2019-05-01 00:00:00.003
2019-04-30 16:27:59,902 INFO 3480 [Timer] C:\Users\Administrator\Desktop\shop\server\node_modules\_egg-logrotator@3.1.0@egg-logrotator\app\schedule\rotate_by_file.js next time will execute after 27121098ms at 2019-05-01 00:00:01.000
2019-05-08 11:13:01,316 INFO 7920 [egg-schedule]: register schedule C:\Users\Administrator\Desktop\shop\server\node_modules\_egg-logrotator@3.1.0@egg-logrotator\app\schedule\clean_log.js
2019-05-08 11:13:01,316 INFO 7920 [egg-schedule]: register schedule C:\Users\Administrator\Desktop\shop\server\node_modules\_egg-logrotator@3.1.0@egg-logrotator\app\schedule\rotate_by_file.js
2019-05-08 11:13:02,273 INFO 7520 [Timer] C:\Users\Administrator\Desktop\shop\server\node_modules\_egg-logrotator@3.1.0@egg-logrotator\app\schedule\clean_log.js next time will execute after 46017730ms at 2019-05-09 00:00:00.003
2019-05-08 11:13:02,273 INFO 7520 [Timer] C:\Users\Administrator\Desktop\shop\server\node_modules\_egg-logrotator@3.1.0@egg-logrotator\app\schedule\rotate_by_file.js next time will execute after 46018727ms at 2019-05-09 00:00:01.000
2019-05-08 16:19:35,394 INFO 6608 [egg-schedule]: register schedule C:\Users\Administrator\Desktop\shop\server\node_modules\_egg-logrotator@3.1.0@egg-logrotator\app\schedule\clean_log.js
2019-05-08 16:19:35,394 INFO 6608 [egg-schedule]: register schedule C:\Users\Administrator\Desktop\shop\server\node_modules\_egg-logrotator@3.1.0@egg-logrotator\app\schedule\rotate_by_file.js
2019-05-08 16:19:36,932 INFO 3768 [Timer] C:\Users\Administrator\Desktop\shop\server\node_modules\_egg-logrotator@3.1.0@egg-logrotator\app\schedule\clean_log.js next time will execute after 27623072ms at 2019-05-09 00:00:00.004
2019-05-08 16:19:36,934 INFO 3768 [Timer] C:\Users\Administrator\Desktop\shop\server\node_modules\_egg-logrotator@3.1.0@egg-logrotator\app\schedule\rotate_by_file.js next time will execute after 27624067ms at 2019-05-09 00:00:01.001
2019-05-10 08:53:01,790 INFO 3636 [egg-schedule]: register schedule C:\Users\Administrator\Desktop\shop\server\node_modules\_egg-logrotator@3.1.0@egg-logrotator\app\schedule\clean_log.js
2019-05-10 08:53:01,790 INFO 3636 [egg-schedule]: register schedule C:\Users\Administrator\Desktop\shop\server\node_modules\_egg-logrotator@3.1.0@egg-logrotator\app\schedule\rotate_by_file.js
2019-05-10 08:53:02,667 INFO 7236 [Timer] C:\Users\Administrator\Desktop\shop\server\node_modules\_egg-logrotator@3.1.0@egg-logrotator\app\schedule\clean_log.js next time will execute after 54417335ms at 2019-05-11 00:00:00.002
2019-05-10 08:53:02,670 INFO 7236 [Timer] C:\Users\Administrator\Desktop\shop\server\node_modules\_egg-logrotator@3.1.0@egg-logrotator\app\schedule\rotate_by_file.js next time will execute after 54418333ms at 2019-05-11 00:00:01.002
2019-05-10 08:53:17,483 INFO 7048 [egg-schedule]: register schedule C:\Users\Administrator\Desktop\shop\server\node_modules\_egg-logrotator@3.1.0@egg-logrotator\app\schedule\clean_log.js
2019-05-10 08:53:17,483 INFO 7048 [egg-schedule]: register schedule C:\Users\Administrator\Desktop\shop\server\node_modules\_egg-logrotator@3.1.0@egg-logrotator\app\schedule\rotate_by_file.js
2019-05-10 08:53:18,095 INFO 7848 [Timer] C:\Users\Administrator\Desktop\shop\server\node_modules\_egg-logrotator@3.1.0@egg-logrotator\app\schedule\clean_log.js next time will execute after 54401907ms at 2019-05-11 00:00:00.002
2019-05-10 08:53:18,096 INFO 7848 [Timer] C:\Users\Administrator\Desktop\shop\server\node_modules\_egg-logrotator@3.1.0@egg-logrotator\app\schedule\rotate_by_file.js next time will execute after 54402904ms at 2019-05-11 00:00:01.000
2019-07-01 09:48:44,453 INFO 6592 [Timer] C:\Users\Administrator\Desktop\vue商城项目\server\node_modules\egg-multipart\app\schedule\clean_tmpdir.js next time will execute after 67275550ms at 2019-07-02 04:30:00.003
2019-07-01 09:48:44,453 INFO 6592 [Timer] C:\Users\Administrator\Desktop\vue商城项目\server\node_modules\egg-logrotator\app\schedule\clean_log.js next time will execute after 51075547ms at 2019-07-02 00:00:00.000
2019-07-01 09:48:44,453 INFO 6592 [Timer] C:\Users\Administrator\Desktop\vue商城项目\server\node_modules\egg-logrotator\app\schedule\rotate_by_file.js next time will execute after 51076547ms at 2019-07-02 00:00:01.000
2019-07-01 09:48:43,807 INFO 404 [egg-schedule]: register schedule C:\Users\Administrator\Desktop\vue商城项目\server\node_modules\egg-multipart\app\schedule\clean_tmpdir.js
2019-07-01 09:48:43,807 INFO 404 [egg-schedule]: register schedule C:\Users\Administrator\Desktop\vue商城项目\server\node_modules\egg-logrotator\app\schedule\clean_log.js
2019-07-01 09:48:43,807 INFO 404 [egg-schedule]: register schedule C:\Users\Administrator\Desktop\vue商城项目\server\node_modules\egg-logrotator\app\schedule\rotate_by_file.js
2019-07-03 14:42:37,687 INFO 9404 [egg-schedule]: register schedule C:\Users\Administrator\Desktop\vue商城项目\server\node_modules\egg-multipart\app\schedule\clean_tmpdir.js
2019-07-03 14:42:37,687 INFO 9404 [egg-schedule]: register schedule C:\Users\Administrator\Desktop\vue商城项目\server\node_modules\egg-logrotator\app\schedule\clean_log.js
2019-07-03 14:42:37,687 INFO 9404 [egg-schedule]: register schedule C:\Users\Administrator\Desktop\vue商城项目\server\node_modules\egg-logrotator\app\schedule\rotate_by_file.js
2019-07-03 14:42:38,972 INFO 7312 [Timer] C:\Users\Administrator\Desktop\vue商城项目\server\node_modules\egg-multipart\app\schedule\clean_tmpdir.js next time will execute after 49641031ms at 2019-07-04 04:30:00.003
2019-07-03 14:42:38,973 INFO 7312 [Timer] C:\Users\Administrator\Desktop\vue商城项目\server\node_modules\egg-logrotator\app\schedule\clean_log.js next time will execute after 33441027ms at 2019-07-04 00:00:00.000
2019-07-03 14:42:38,973 INFO 7312 [Timer] C:\Users\Administrator\Desktop\vue商城项目\server\node_modules\egg-logrotator\app\schedule\rotate_by_file.js next time will execute after 33442027ms at 2019-07-04 00:00:01.000
2019-07-03 15:24:23,579 INFO 10252 [egg-schedule]: register schedule C:\Users\Administrator\Desktop\vue商城项目\server\node_modules\egg-multipart\app\schedule\clean_tmpdir.js
2019-07-03 15:24:23,579 INFO 10252 [egg-schedule]: register schedule C:\Users\Administrator\Desktop\vue商城项目\server\node_modules\egg-logrotator\app\schedule\clean_log.js
2019-07-03 15:24:23,579 INFO 10252 [egg-schedule]: register schedule C:\Users\Administrator\Desktop\vue商城项目\server\node_modules\egg-logrotator\app\schedule\rotate_by_file.js
2019-07-03 15:24:24,757 INFO 6160 [Timer] C:\Users\Administrator\Desktop\vue商城项目\server\node_modules\egg-multipart\app\schedule\clean_tmpdir.js next time will execute after 47135246ms at 2019-07-04 04:30:00.003
2019-07-03 15:24:24,758 INFO 6160 [Timer] C:\Users\Administrator\Desktop\vue商城项目\server\node_modules\egg-logrotator\app\schedule\clean_log.js next time will execute after 30935243ms at 2019-07-04 00:00:00.001
2019-07-03 15:24:24,758 INFO 6160 [Timer] C:\Users\Administrator\Desktop\vue商城项目\server\node_modules\egg-logrotator\app\schedule\rotate_by_file.js next time will execute after 30936242ms at 2019-07-04 00:00:01.000
2019-11-04 09:22:15,374 INFO 1836 [egg-schedule]: register schedule C:\Users\Administrator.CDEDUASK_PC\Desktop\shopping\server\node_modules\_egg-multipart@2.9.0@egg-multipart\app\schedule\clean_tmpdir.js
2019-11-04 09:22:15,374 INFO 1836 [egg-schedule]: register schedule C:\Users\Administrator.CDEDUASK_PC\Desktop\shopping\server\node_modules\_egg-logrotator@3.1.0@egg-logrotator\app\schedule\clean_log.js
2019-11-04 09:22:15,374 INFO 1836 [egg-schedule]: register schedule C:\Users\Administrator.CDEDUASK_PC\Desktop\shopping\server\node_modules\_egg-logrotator@3.1.0@egg-logrotator\app\schedule\rotate_by_file.js
2019-11-04 09:22:16,271 INFO 2108 [Timer] C:\Users\Administrator.CDEDUASK_PC\Desktop\shopping\server\node_modules\_egg-multipart@2.9.0@egg-multipart\app\schedule\clean_tmpdir.js next time will execute after 68863733ms at 2019-11-05 04:30:00.003
2019-11-04 09:22:16,271 INFO 2108 [Timer] C:\Users\Administrator.CDEDUASK_PC\Desktop\shopping\server\node_modules\_egg-logrotator@3.1.0@egg-logrotator\app\schedule\clean_log.js next time will execute after 52663729ms at 2019-11-05 00:00:00.000
2019-11-04 09:22:16,272 INFO 2108 [Timer] C:\Users\Administrator.CDEDUASK_PC\Desktop\shopping\server\node_modules\_egg-logrotator@3.1.0@egg-logrotator\app\schedule\rotate_by_file.js next time will execute after 52664729ms at 2019-11-05 00:00:01.001
2019-11-04 09:24:57,518 INFO 1260 [egg-schedule]: register schedule C:\Users\Administrator.CDEDUASK_PC\Desktop\shopping\server\node_modules\_egg-multipart@2.9.0@egg-multipart\app\schedule\clean_tmpdir.js
2019-11-04 09:24:57,518 INFO 1260 [egg-schedule]: register schedule C:\Users\Administrator.CDEDUASK_PC\Desktop\shopping\server\node_modules\_egg-logrotator@3.1.0@egg-logrotator\app\schedule\clean_log.js
2019-11-04 09:24:57,518 INFO 1260 [egg-schedule]: register schedule C:\Users\Administrator.CDEDUASK_PC\Desktop\shopping\server\node_modules\_egg-logrotator@3.1.0@egg-logrotator\app\schedule\rotate_by_file.js
2019-11-04 09:24:58,309 INFO 4432 [Timer] C:\Users\Administrator.CDEDUASK_PC\Desktop\shopping\server\node_modules\_egg-multipart@2.9.0@egg-multipart\app\schedule\clean_tmpdir.js next time will execute after 68701693ms at 2019-11-05 04:30:00.002
2019-11-04 09:24:58,309 INFO 4432 [Timer] C:\Users\Administrator.CDEDUASK_PC\Desktop\shopping\server\node_modules\_egg-logrotator@3.1.0@egg-logrotator\app\schedule\clean_log.js next time will execute after 52501691ms at 2019-11-05 00:00:00.000
2019-11-04 09:24:58,310 INFO 4432 [Timer] C:\Users\Administrator.CDEDUASK_PC\Desktop\shopping\server\node_modules\_egg-logrotator@3.1.0@egg-logrotator\app\schedule\rotate_by_file.js next time will execute after 52502690ms at 2019-11-05 00:00:01.000
2019-11-04 09:27:36,843 INFO 4904 [egg-schedule]: register schedule C:\Users\Administrator.CDEDUASK_PC\Desktop\shopping\server\node_modules\_egg-multipart@2.9.0@egg-multipart\app\schedule\clean_tmpdir.js
2019-11-04 09:27:36,843 INFO 4904 [egg-schedule]: register schedule C:\Users\Administrator.CDEDUASK_PC\Desktop\shopping\server\node_modules\_egg-logrotator@3.1.0@egg-logrotator\app\schedule\clean_log.js
2019-11-04 09:27:36,843 INFO 4904 [egg-schedule]: register schedule C:\Users\Administrator.CDEDUASK_PC\Desktop\shopping\server\node_modules\_egg-logrotator@3.1.0@egg-logrotator\app\schedule\rotate_by_file.js
2019-11-04 09:27:37,638 INFO 1796 [Timer] C:\Users\Administrator.CDEDUASK_PC\Desktop\shopping\server\node_modules\_egg-multipart@2.9.0@egg-multipart\app\schedule\clean_tmpdir.js next time will execute after 68542364ms at 2019-11-05 04:30:00.002
2019-11-04 09:27:37,638 INFO 1796 [Timer] C:\Users\Administrator.CDEDUASK_PC\Desktop\shopping\server\node_modules\_egg-logrotator@3.1.0@egg-logrotator\app\schedule\clean_log.js next time will execute after 52342362ms at 2019-11-05 00:00:00.000
2019-11-04 09:27:37,638 INFO 1796 [Timer] C:\Users\Administrator.CDEDUASK_PC\Desktop\shopping\server\node_modules\_egg-logrotator@3.1.0@egg-logrotator\app\schedule\rotate_by_file.js next time will execute after 52343362ms at 2019-11-05 00:00:01.000
2019-11-04 09:33:54,564 INFO 1136 [Timer] C:\Users\Administrator.CDEDUASK_PC\Desktop\shopping\server\node_modules\egg-multipart\app\schedule\clean_tmpdir.js next time will execute after 68165438ms at 2019-11-05 04:30:00.002
2019-11-04 09:33:54,564 INFO 1136 [Timer] C:\Users\Administrator.CDEDUASK_PC\Desktop\shopping\server\node_modules\egg-logrotator\app\schedule\clean_log.js next time will execute after 51965436ms at 2019-11-05 00:00:00.000
2019-11-04 09:33:54,565 INFO 1136 [Timer] C:\Users\Administrator.CDEDUASK_PC\Desktop\shopping\server\node_modules\egg-logrotator\app\schedule\rotate_by_file.js next time will execute after 51966436ms at 2019-11-05 00:00:01.001
2019-11-04 09:33:53,864 INFO 288 [egg-schedule]: register schedule C:\Users\Administrator.CDEDUASK_PC\Desktop\shopping\server\node_modules\egg-multipart\app\schedule\clean_tmpdir.js
2019-11-04 09:33:53,864 INFO 288 [egg-schedule]: register schedule C:\Users\Administrator.CDEDUASK_PC\Desktop\shopping\server\node_modules\egg-logrotator\app\schedule\clean_log.js
2019-11-04 09:33:53,864 INFO 288 [egg-schedule]: register schedule C:\Users\Administrator.CDEDUASK_PC\Desktop\shopping\server\node_modules\egg-logrotator\app\schedule\rotate_by_file.js
2019-11-04 09:40:37,862 INFO 4512 [Timer] C:\Users\Administrator.CDEDUASK_PC\Desktop\shopping\server\node_modules\egg-multipart\app\schedule\clean_tmpdir.js next time will execute after 67762140ms at 2019-11-05 04:30:00.002
2019-11-04 09:40:37,862 INFO 4512 [Timer] C:\Users\Administrator.CDEDUASK_PC\Desktop\shopping\server\node_modules\egg-logrotator\app\schedule\clean_log.js next time will execute after 51562138ms at 2019-11-05 00:00:00.000
2019-11-04 09:40:37,862 INFO 4512 [Timer] C:\Users\Administrator.CDEDUASK_PC\Desktop\shopping\server\node_modules\egg-logrotator\app\schedule\rotate_by_file.js next time will execute after 51563138ms at 2019-11-05 00:00:01.000
2019-11-04 09:40:37,180 INFO 3704 [egg-schedule]: register schedule C:\Users\Administrator.CDEDUASK_PC\Desktop\shopping\server\node_modules\egg-multipart\app\schedule\clean_tmpdir.js
2019-11-04 09:40:37,180 INFO 3704 [egg-schedule]: register schedule C:\Users\Administrator.CDEDUASK_PC\Desktop\shopping\server\node_modules\egg-logrotator\app\schedule\clean_log.js
2019-11-04 09:40:37,180 INFO 3704 [egg-schedule]: register schedule C:\Users\Administrator.CDEDUASK_PC\Desktop\shopping\server\node_modules\egg-logrotator\app\schedule\rotate_by_file.js
2019-11-05 08:36:04,802 INFO 3476 [Timer] C:\Users\Administrator.CDEDUASK_PC\Desktop\shopping\server\node_modules\egg-multipart\app\schedule\clean_tmpdir.js next time will execute after 71635200ms at 2019-11-06 04:30:00.002
2019-11-05 08:36:04,802 INFO 3476 [Timer] C:\Users\Administrator.CDEDUASK_PC\Desktop\shopping\server\node_modules\egg-logrotator\app\schedule\clean_log.js next time will execute after 55435198ms at 2019-11-06 00:00:00.000
2019-11-05 08:36:04,802 INFO 3476 [Timer] C:\Users\Administrator.CDEDUASK_PC\Desktop\shopping\server\node_modules\egg-logrotator\app\schedule\rotate_by_file.js next time will execute after 55436198ms at 2019-11-06 00:00:01.000
2019-11-05 08:36:04,097 INFO 2904 [egg-schedule]: register schedule C:\Users\Administrator.CDEDUASK_PC\Desktop\shopping\server\node_modules\egg-multipart\app\schedule\clean_tmpdir.js
2019-11-05 08:36:04,097 INFO 2904 [egg-schedule]: register schedule C:\Users\Administrator.CDEDUASK_PC\Desktop\shopping\server\node_modules\egg-logrotator\app\schedule\clean_log.js
2019-11-05 08:36:04,097 INFO 2904 [egg-schedule]: register schedule C:\Users\Administrator.CDEDUASK_PC\Desktop\shopping\server\node_modules\egg-logrotator\app\schedule\rotate_by_file.js
2019-11-05 09:47:00,796 INFO 5452 [egg-schedule]: register schedule C:\Users\Administrator.CDEDUASK_PC\Desktop\shopping\server\node_modules\egg-multipart\app\schedule\clean_tmpdir.js
2019-11-05 09:47:00,796 INFO 5452 [egg-schedule]: register schedule C:\Users\Administrator.CDEDUASK_PC\Desktop\shopping\server\node_modules\egg-logrotator\app\schedule\clean_log.js
2019-11-05 09:47:00,796 INFO 5452 [egg-schedule]: register schedule C:\Users\Administrator.CDEDUASK_PC\Desktop\shopping\server\node_modules\egg-logrotator\app\schedule\rotate_by_file.js
2019-11-05 09:47:01,825 INFO 2440 [Timer] C:\Users\Administrator.CDEDUASK_PC\Desktop\shopping\server\node_modules\egg-multipart\app\schedule\clean_tmpdir.js next time will execute after 67378178ms at 2019-11-06 04:30:00.003
2019-11-05 09:47:01,825 INFO 2440 [Timer] C:\Users\Administrator.CDEDUASK_PC\Desktop\shopping\server\node_modules\egg-logrotator\app\schedule\clean_log.js next time will execute after 51178175ms at 2019-11-06 00:00:00.000
2019-11-05 09:47:01,826 INFO 2440 [Timer] C:\Users\Administrator.CDEDUASK_PC\Desktop\shopping\server\node_modules\egg-logrotator\app\schedule\rotate_by_file.js next time will execute after 51179175ms at 2019-11-06 00:00:01.001
2019-11-05 09:50:36,988 INFO 4500 [egg-schedule]: register schedule C:\Users\Administrator.CDEDUASK_PC\Desktop\shopping\server\node_modules\egg-multipart\app\schedule\clean_tmpdir.js
2019-11-05 09:50:36,988 INFO 4500 [egg-schedule]: register schedule C:\Users\Administrator.CDEDUASK_PC\Desktop\shopping\server\node_modules\egg-logrotator\app\schedule\clean_log.js
2019-11-05 09:50:36,988 INFO 4500 [egg-schedule]: register schedule C:\Users\Administrator.CDEDUASK_PC\Desktop\shopping\server\node_modules\egg-logrotator\app\schedule\rotate_by_file.js
2019-11-05 09:50:37,872 INFO 5912 [Timer] C:\Users\Administrator.CDEDUASK_PC\Desktop\shopping\server\node_modules\egg-multipart\app\schedule\clean_tmpdir.js next time will execute after 67162131ms at 2019-11-06 04:30:00.003
2019-11-05 09:50:37,872 INFO 5912 [Timer] C:\Users\Administrator.CDEDUASK_PC\Desktop\shopping\server\node_modules\egg-logrotator\app\schedule\clean_log.js next time will execute after 50962128ms at 2019-11-06 00:00:00.000
2019-11-05 09:50:37,872 INFO 5912 [Timer] C:\Users\Administrator.CDEDUASK_PC\Desktop\shopping\server\node_modules\egg-logrotator\app\schedule\rotate_by_file.js next time will execute after 50963128ms at 2019-11-06 00:00:01.000
2019-11-05 09:52:28,388 INFO 3004 [egg-schedule]: register schedule C:\Users\Administrator.CDEDUASK_PC\Desktop\shopping\server\node_modules\egg-multipart\app\schedule\clean_tmpdir.js
2019-11-05 09:52:28,388 INFO 3004 [egg-schedule]: register schedule C:\Users\Administrator.CDEDUASK_PC\Desktop\shopping\server\node_modules\egg-logrotator\app\schedule\clean_log.js
2019-11-05 09:52:28,388 INFO 3004 [egg-schedule]: register schedule C:\Users\Administrator.CDEDUASK_PC\Desktop\shopping\server\node_modules\egg-logrotator\app\schedule\rotate_by_file.js
2019-11-05 09:52:29,082 INFO 5544 [Timer] C:\Users\Administrator.CDEDUASK_PC\Desktop\shopping\server\node_modules\egg-multipart\app\schedule\clean_tmpdir.js next time will execute after 67050920ms at 2019-11-06 04:30:00.002
2019-11-05 09:52:29,082 INFO 5544 [Timer] C:\Users\Administrator.CDEDUASK_PC\Desktop\shopping\server\node_modules\egg-logrotator\app\schedule\clean_log.js next time will execute after 50850918ms at 2019-11-06 00:00:00.000
2019-11-05 09:52:29,082 INFO 5544 [Timer] C:\Users\Administrator.CDEDUASK_PC\Desktop\shopping\server\node_modules\egg-logrotator\app\schedule\rotate_by_file.js next time will execute after 50851918ms at 2019-11-06 00:00:01.000
2019-11-06 08:25:14,283 INFO 3600 [egg-schedule]: register schedule C:\Users\Administrator.CDEDUASK_PC\Desktop\shopping\server\node_modules\egg-multipart\app\schedule\clean_tmpdir.js
2019-11-06 08:25:14,283 INFO 3600 [egg-schedule]: register schedule C:\Users\Administrator.CDEDUASK_PC\Desktop\shopping\server\node_modules\egg-logrotator\app\schedule\clean_log.js
2019-11-06 08:25:14,283 INFO 3600 [egg-schedule]: register schedule C:\Users\Administrator.CDEDUASK_PC\Desktop\shopping\server\node_modules\egg-logrotator\app\schedule\rotate_by_file.js
2019-11-06 08:25:15,423 INFO 3964 [Timer] C:\Users\Administrator.CDEDUASK_PC\Desktop\shopping\server\node_modules\egg-multipart\app\schedule\clean_tmpdir.js next time will execute after 72284579ms at 2019-11-07 04:30:00.002
2019-11-06 08:25:15,423 INFO 3964 [Timer] C:\Users\Administrator.CDEDUASK_PC\Desktop\shopping\server\node_modules\egg-logrotator\app\schedule\clean_log.js next time will execute after 56084577ms at 2019-11-07 00:00:00.000
2019-11-06 08:25:15,424 INFO 3964 [Timer] C:\Users\Administrator.CDEDUASK_PC\Desktop\shopping\server\node_modules\egg-logrotator\app\schedule\rotate_by_file.js next time will execute after 56085577ms at 2019-11-07 00:00:01.001
2019-11-06 18:15:01,644 INFO 4456 [egg-schedule]: register schedule C:\Users\Administrator.CDEDUASK_PC\Desktop\shopping\server\node_modules\egg-multipart\app\schedule\clean_tmpdir.js
2019-11-06 18:15:01,644 INFO 4456 [egg-schedule]: register schedule C:\Users\Administrator.CDEDUASK_PC\Desktop\shopping\server\node_modules\egg-logrotator\app\schedule\clean_log.js
2019-11-06 18:15:01,644 INFO 4456 [egg-schedule]: register schedule C:\Users\Administrator.CDEDUASK_PC\Desktop\shopping\server\node_modules\egg-logrotator\app\schedule\rotate_by_file.js
2019-11-06 18:15:02,691 INFO 4172 [Timer] C:\Users\Administrator.CDEDUASK_PC\Desktop\shopping\server\node_modules\egg-multipart\app\schedule\clean_tmpdir.js next time will execute after 36897311ms at 2019-11-07 04:30:00.002
2019-11-06 18:15:02,691 INFO 4172 [Timer] C:\Users\Administrator.CDEDUASK_PC\Desktop\shopping\server\node_modules\egg-logrotator\app\schedule\clean_log.js next time will execute after 20697309ms at 2019-11-07 00:00:00.000
2019-11-06 18:15:02,692 INFO 4172 [Timer] C:\Users\Administrator.CDEDUASK_PC\Desktop\shopping\server\node_modules\egg-logrotator\app\schedule\rotate_by_file.js next time will execute after 20698309ms at 2019-11-07 00:00:01.001
2019-11-07 08:26:44,416 INFO 1336 [egg-schedule]: register schedule C:\Users\Administrator.CDEDUASK_PC\Desktop\shopping\server\node_modules\egg-multipart\app\schedule\clean_tmpdir.js
2019-11-07 08:26:44,416 INFO 1336 [egg-schedule]: register schedule C:\Users\Administrator.CDEDUASK_PC\Desktop\shopping\server\node_modules\egg-logrotator\app\schedule\clean_log.js
2019-11-07 08:26:44,416 INFO 1336 [egg-schedule]: register schedule C:\Users\Administrator.CDEDUASK_PC\Desktop\shopping\server\node_modules\egg-logrotator\app\schedule\rotate_by_file.js
2019-11-07 08:26:45,436 INFO 3128 [Timer] C:\Users\Administrator.CDEDUASK_PC\Desktop\shopping\server\node_modules\egg-multipart\app\schedule\clean_tmpdir.js next time will execute after 72194566ms at 2019-11-08 04:30:00.002
2019-11-07 08:26:45,436 INFO 3128 [Timer] C:\Users\Administrator.CDEDUASK_PC\Desktop\shopping\server\node_modules\egg-logrotator\app\schedule\clean_log.js next time will execute after 55994564ms at 2019-11-08 00:00:00.000
2019-11-07 08:26:45,437 INFO 3128 [Timer] C:\Users\Administrator.CDEDUASK_PC\Desktop\shopping\server\node_modules\egg-logrotator\app\schedule\rotate_by_file.js next time will execute after 55995564ms at 2019-11-08 00:00:01.000
2019-11-08 08:08:48,247 INFO 4348 [egg-schedule]: register schedule C:\Users\Administrator.CDEDUASK_PC\Desktop\shopping\server\node_modules\egg-multipart\app\schedule\clean_tmpdir.js
2019-11-08 08:08:48,247 INFO 4348 [egg-schedule]: register schedule C:\Users\Administrator.CDEDUASK_PC\Desktop\shopping\server\node_modules\egg-logrotator\app\schedule\clean_log.js
2019-11-08 08:08:48,247 INFO 4348 [egg-schedule]: register schedule C:\Users\Administrator.CDEDUASK_PC\Desktop\shopping\server\node_modules\egg-logrotator\app\schedule\rotate_by_file.js
2019-11-08 08:08:49,286 INFO 1544 [Timer] C:\Users\Administrator.CDEDUASK_PC\Desktop\shopping\server\node_modules\egg-multipart\app\schedule\clean_tmpdir.js next time will execute after 73270717ms at 2019-11-09 04:30:00.003
2019-11-08 08:08:49,286 INFO 1544 [Timer] C:\Users\Administrator.CDEDUASK_PC\Desktop\shopping\server\node_modules\egg-logrotator\app\schedule\clean_log.js next time will execute after 57070714ms at 2019-11-09 00:00:00.000
2019-11-08 08:08:49,286 INFO 1544 [Timer] C:\Users\Administrator.CDEDUASK_PC\Desktop\shopping\server\node_modules\egg-logrotator\app\schedule\rotate_by_file.js next time will execute after 57071714ms at 2019-11-09 00:00:01.000
2019-11-09 08:35:02,564 INFO 908 [egg-schedule]: register schedule C:\Users\Administrator.CDEDUASK_PC\Desktop\shopping\server\node_modules\egg-multipart\app\schedule\clean_tmpdir.js
2019-11-09 08:35:02,564 INFO 908 [egg-schedule]: register schedule C:\Users\Administrator.CDEDUASK_PC\Desktop\shopping\server\node_modules\egg-logrotator\app\schedule\clean_log.js
2019-11-09 08:35:02,564 INFO 908 [egg-schedule]: register schedule C:\Users\Administrator.CDEDUASK_PC\Desktop\shopping\server\node_modules\egg-logrotator\app\schedule\rotate_by_file.js
2019-11-09 08:35:03,670 INFO 1988 [Timer] C:\Users\Administrator.CDEDUASK_PC\Desktop\shopping\server\node_modules\egg-multipart\app\schedule\clean_tmpdir.js next time will execute after 71696333ms at 2019-11-10 04:30:00.003
2019-11-09 08:35:03,671 INFO 1988 [Timer] C:\Users\Administrator.CDEDUASK_PC\Desktop\shopping\server\node_modules\egg-logrotator\app\schedule\clean_log.js next time will execute after 55496330ms at 2019-11-10 00:00:00.001
2019-11-09 08:35:03,671 INFO 1988 [Timer] C:\Users\Administrator.CDEDUASK_PC\Desktop\shopping\server\node_modules\egg-logrotator\app\schedule\rotate_by_file.js next time will execute after 55497329ms at 2019-11-10 00:00:01.000
2019-11-11 08:24:11,217 INFO 2932 [egg-schedule]: register schedule C:\Users\Administrator.CDEDUASK_PC\Desktop\shopping\server\node_modules\egg-multipart\app\schedule\clean_tmpdir.js
2019-11-11 08:24:11,217 INFO 2932 [egg-schedule]: register schedule C:\Users\Administrator.CDEDUASK_PC\Desktop\shopping\server\node_modules\egg-logrotator\app\schedule\clean_log.js
2019-11-11 08:24:11,218 INFO 2932 [egg-schedule]: register schedule C:\Users\Administrator.CDEDUASK_PC\Desktop\shopping\server\node_modules\egg-logrotator\app\schedule\rotate_by_file.js
2019-11-11 08:24:12,536 INFO 4660 [Timer] C:\Users\Administrator.CDEDUASK_PC\Desktop\shopping\server\node_modules\egg-multipart\app\schedule\clean_tmpdir.js next time will execute after 72347466ms at 2019-11-12 04:30:00.002
2019-11-11 08:24:12,536 INFO 4660 [Timer] C:\Users\Administrator.CDEDUASK_PC\Desktop\shopping\server\node_modules\egg-logrotator\app\schedule\clean_log.js next time will execute after 56147464ms at 2019-11-12 00:00:00.000
2019-11-11 08:24:12,537 INFO 4660 [Timer] C:\Users\Administrator.CDEDUASK_PC\Desktop\shopping\server\node_modules\egg-logrotator\app\schedule\rotate_by_file.js next time will execute after 56148464ms at 2019-11-12 00:00:01.001
2019-11-12 08:26:33,667 INFO 4560 [egg-schedule]: register schedule C:\Users\Administrator.CDEDUASK_PC\Desktop\shopping\server\node_modules\egg-multipart\app\schedule\clean_tmpdir.js
2019-11-12 08:26:33,667 INFO 4560 [egg-schedule]: register schedule C:\Users\Administrator.CDEDUASK_PC\Desktop\shopping\server\node_modules\egg-logrotator\app\schedule\clean_log.js
2019-11-12 08:26:33,667 INFO 4560 [egg-schedule]: register schedule C:\Users\Administrator.CDEDUASK_PC\Desktop\shopping\server\node_modules\egg-logrotator\app\schedule\rotate_by_file.js
2019-11-12 08:26:34,802 INFO 4480 [Timer] C:\Users\Administrator.CDEDUASK_PC\Desktop\shopping\server\node_modules\egg-multipart\app\schedule\clean_tmpdir.js next time will execute after 72205202ms at 2019-11-13 04:30:00.004
2019-11-12 08:26:34,802 INFO 4480 [Timer] C:\Users\Administrator.CDEDUASK_PC\Desktop\shopping\server\node_modules\egg-logrotator\app\schedule\clean_log.js next time will execute after 56005198ms at 2019-11-13 00:00:00.000
2019-11-12 08:26:34,803 INFO 4480 [Timer] C:\Users\Administrator.CDEDUASK_PC\Desktop\shopping\server\node_modules\egg-logrotator\app\schedule\rotate_by_file.js next time will execute after 56006198ms at 2019-11-13 00:00:01.000
2019-11-13 08:25:43,177 INFO 2660 [egg-schedule]: register schedule C:\Users\Administrator.CDEDUASK_PC\Desktop\shopping\server\node_modules\egg-multipart\app\schedule\clean_tmpdir.js
2019-11-13 08:25:43,177 INFO 2660 [egg-schedule]: register schedule C:\Users\Administrator.CDEDUASK_PC\Desktop\shopping\server\node_modules\egg-logrotator\app\schedule\clean_log.js
2019-11-13 08:25:43,177 INFO 2660 [egg-schedule]: register schedule C:\Users\Administrator.CDEDUASK_PC\Desktop\shopping\server\node_modules\egg-logrotator\app\schedule\rotate_by_file.js
2019-11-13 08:25:44,432 INFO 2924 [Timer] C:\Users\Administrator.CDEDUASK_PC\Desktop\shopping\server\node_modules\egg-multipart\app\schedule\clean_tmpdir.js next time will execute after 72255570ms at 2019-11-14 04:30:00.002
2019-11-13 08:25:44,432 INFO 2924 [Timer] C:\Users\Administrator.CDEDUASK_PC\Desktop\shopping\server\node_modules\egg-logrotator\app\schedule\clean_log.js next time will execute after 56055568ms at 2019-11-14 00:00:00.000
2019-11-13 08:25:44,433 INFO 2924 [Timer] C:\Users\Administrator.CDEDUASK_PC\Desktop\shopping\server\node_modules\egg-logrotator\app\schedule\rotate_by_file.js next time will execute after 56056568ms at 2019-11-14 00:00:01.000
2019-11-13 18:33:51,299 INFO 1312 [egg-schedule]: register schedule C:\Users\Administrator.CDEDUASK_PC\Desktop\shopping\server\node_modules\egg-multipart\app\schedule\clean_tmpdir.js
2019-11-13 18:33:51,299 INFO 1312 [egg-schedule]: register schedule C:\Users\Administrator.CDEDUASK_PC\Desktop\shopping\server\node_modules\egg-logrotator\app\schedule\clean_log.js
2019-11-13 18:33:51,299 INFO 1312 [egg-schedule]: register schedule C:\Users\Administrator.CDEDUASK_PC\Desktop\shopping\server\node_modules\egg-logrotator\app\schedule\rotate_by_file.js
2019-11-13 18:33:52,357 INFO 7952 [Timer] C:\Users\Administrator.CDEDUASK_PC\Desktop\shopping\server\node_modules\egg-multipart\app\schedule\clean_tmpdir.js next time will execute after 35767645ms at 2019-11-14 04:30:00.002
2019-11-13 18:33:52,357 INFO 7952 [Timer] C:\Users\Administrator.CDEDUASK_PC\Desktop\shopping\server\node_modules\egg-logrotator\app\schedule\clean_log.js next time will execute after 19567643ms at 2019-11-14 00:00:00.000
2019-11-13 18:33:52,358 INFO 7952 [Timer] C:\Users\Administrator.CDEDUASK_PC\Desktop\shopping\server\node_modules\egg-logrotator\app\schedule\rotate_by_file.js next time will execute after 19568643ms at 2019-11-14 00:00:01.001
2019-11-14 08:32:55,625 INFO 4268 [egg-schedule]: register schedule C:\Users\Administrator.CDEDUASK_PC\Desktop\shopping\server\node_modules\egg-multipart\app\schedule\clean_tmpdir.js
2019-11-14 08:32:55,625 INFO 4268 [egg-schedule]: register schedule C:\Users\Administrator.CDEDUASK_PC\Desktop\shopping\server\node_modules\egg-logrotator\app\schedule\clean_log.js
2019-11-14 08:32:55,625 INFO 4268 [egg-schedule]: register schedule C:\Users\Administrator.CDEDUASK_PC\Desktop\shopping\server\node_modules\egg-logrotator\app\schedule\rotate_by_file.js
2019-11-14 08:32:56,681 INFO 4204 [Timer] C:\Users\Administrator.CDEDUASK_PC\Desktop\shopping\server\node_modules\egg-multipart\app\schedule\clean_tmpdir.js next time will execute after 71823322ms at 2019-11-15 04:30:00.003
2019-11-14 08:32:56,681 INFO 4204 [Timer] C:\Users\Administrator.CDEDUASK_PC\Desktop\shopping\server\node_modules\egg-logrotator\app\schedule\clean_log.js next time will execute after 55623319ms at 2019-11-15 00:00:00.000
2019-11-14 08:32:56,682 INFO 4204 [Timer] C:\Users\Administrator.CDEDUASK_PC\Desktop\shopping\server\node_modules\egg-logrotator\app\schedule\rotate_by_file.js next time will execute after 55624319ms at 2019-11-15 00:00:01.001
2019-11-15 08:25:39,675 INFO 4344 [egg-schedule]: register schedule C:\Users\Administrator.CDEDUASK_PC\Desktop\shopping\server\node_modules\egg-multipart\app\schedule\clean_tmpdir.js
2019-11-15 08:25:39,676 INFO 4344 [egg-schedule]: register schedule C:\Users\Administrator.CDEDUASK_PC\Desktop\shopping\server\node_modules\egg-logrotator\app\schedule\clean_log.js
2019-11-15 08:25:39,676 INFO 4344 [egg-schedule]: register schedule C:\Users\Administrator.CDEDUASK_PC\Desktop\shopping\server\node_modules\egg-logrotator\app\schedule\rotate_by_file.js
2019-11-15 08:25:41,135 INFO 4280 [Timer] C:\Users\Administrator.CDEDUASK_PC\Desktop\shopping\server\node_modules\egg-multipart\app\schedule\clean_tmpdir.js next time will execute after 72258871ms at 2019-11-16 04:30:00.006
2019-11-15 08:25:41,135 INFO 4280 [Timer] C:\Users\Administrator.CDEDUASK_PC\Desktop\shopping\server\node_modules\egg-logrotator\app\schedule\clean_log.js next time will execute after 56058865ms at 2019-11-16 00:00:00.000
2019-11-15 08:25:41,136 INFO 4280 [Timer] C:\Users\Administrator.CDEDUASK_PC\Desktop\shopping\server\node_modules\egg-logrotator\app\schedule\rotate_by_file.js next time will execute after 56059865ms at 2019-11-16 00:00:01.001
2019-11-16 08:18:38,570 INFO 4572 [egg-schedule]: register schedule C:\Users\Administrator.CDEDUASK_PC\Desktop\shopping\server\node_modules\egg-multipart\app\schedule\clean_tmpdir.js
2019-11-16 08:18:38,570 INFO 4572 [egg-schedule]: register schedule C:\Users\Administrator.CDEDUASK_PC\Desktop\shopping\server\node_modules\egg-logrotator\app\schedule\clean_log.js
2019-11-16 08:18:38,570 INFO 4572 [egg-schedule]: register schedule C:\Users\Administrator.CDEDUASK_PC\Desktop\shopping\server\node_modules\egg-logrotator\app\schedule\rotate_by_file.js
2019-11-16 08:18:39,804 INFO 4488 [Timer] C:\Users\Administrator.CDEDUASK_PC\Desktop\shopping\server\node_modules\egg-multipart\app\schedule\clean_tmpdir.js next time will execute after 72680198ms at 2019-11-17 04:30:00.002
2019-11-16 08:18:39,805 INFO 4488 [Timer] C:\Users\Administrator.CDEDUASK_PC\Desktop\shopping\server\node_modules\egg-logrotator\app\schedule\clean_log.js next time will execute after 56480196ms at 2019-11-17 00:00:00.001
2019-11-16 08:18:39,805 INFO 4488 [Timer] C:\Users\Administrator.CDEDUASK_PC\Desktop\shopping\server\node_modules\egg-logrotator\app\schedule\rotate_by_file.js next time will execute after 56481195ms at 2019-11-17 00:00:01.000
